{"numFailedTestSuites":8,"numFailedTests":0,"numPassedTestSuites":7,"numPassedTests":25,"numPendingTestSuites":0,"numPendingTests":0,"numRuntimeErrorTestSuites":8,"numTodoTests":0,"numTotalTestSuites":15,"numTotalTests":25,"openHandles":[],"snapshot":{"added":0,"didUpdate":false,"failure":false,"filesAdded":0,"filesRemoved":0,"filesRemovedList":[],"filesUnmatched":0,"filesUpdated":0,"matched":0,"total":0,"unchecked":0,"uncheckedKeysByFile":[],"unmatched":0,"updated":0},"startTime":1750753361059,"success":false,"testResults":[{"assertionResults":[],"coverage":{},"endTime":1750753366400,"message":"  ● Test suite failed to run\n\n    Jest encountered an unexpected token\n\n    Jest failed to parse a file. This happens e.g. when your code or its dependencies use non-standard JavaScript syntax, or when Jest is not configured to support such syntax.\n\n    Out of the box Jest supports Babel, which will be used to transform your files into valid JS based on your Babel configuration.\n\n    By default \"node_modules\" folder is ignored by transformers.\n\n    Here's what you can do:\n     • If you are trying to use ECMAScript Modules, see https://jestjs.io/docs/ecmascript-modules for how to enable it.\n     • If you are trying to use TypeScript, see https://jestjs.io/docs/getting-started#using-typescript\n     • To have some of your \"node_modules\" files transformed, you can specify a custom \"transformIgnorePatterns\" in your config.\n     • If you need a custom transformation, specify a \"transform\" option in your config.\n     • If you simply want to mock your non-JS modules (e.g. binary assets) you can stub them out with the \"moduleNameMapper\" config option.\n\n    You'll find more details and examples of these config options in the docs:\n    https://jestjs.io/docs/configuration\n    For information about custom transformations, see:\n    https://jestjs.io/docs/code-transformation\n\n    Details:\n\n    /Users/florian/Sources/game-agent-v2/server/tests/unit/design/PlayabilityHeuristicChain.test.mjs:1\n    import { describe, it, expect } from 'vitest';\n    ^^^^^^\n\n    SyntaxError: Cannot use import statement outside a module\n\n      at Runtime.createScriptFromCode (node_modules/jest-runtime/build/index.js:1314:40)\n","name":"/Users/florian/Sources/game-agent-v2/server/tests/unit/design/PlayabilityHeuristicChain.test.mjs","startTime":1750753366400,"status":"failed","summary":""},{"assertionResults":[],"coverage":{},"endTime":1750753366400,"message":"  ● Test suite failed to run\n\n    Jest encountered an unexpected token\n\n    Jest failed to parse a file. This happens e.g. when your code or its dependencies use non-standard JavaScript syntax, or when Jest is not configured to support such syntax.\n\n    Out of the box Jest supports Babel, which will be used to transform your files into valid JS based on your Babel configuration.\n\n    By default \"node_modules\" folder is ignored by transformers.\n\n    Here's what you can do:\n     • If you are trying to use ECMAScript Modules, see https://jestjs.io/docs/ecmascript-modules for how to enable it.\n     • If you are trying to use TypeScript, see https://jestjs.io/docs/getting-started#using-typescript\n     • To have some of your \"node_modules\" files transformed, you can specify a custom \"transformIgnorePatterns\" in your config.\n     • If you need a custom transformation, specify a \"transform\" option in your config.\n     • If you simply want to mock your non-JS modules (e.g. binary assets) you can stub them out with the \"moduleNameMapper\" config option.\n\n    You'll find more details and examples of these config options in the docs:\n    https://jestjs.io/docs/configuration\n    For information about custom transformations, see:\n    https://jestjs.io/docs/code-transformation\n\n    Details:\n\n    /Users/florian/Sources/game-agent-v2/server/tests/unit/design/LoopClarifierChain.test.mjs:1\n    import { describe, it, expect } from 'vitest';\n    ^^^^^^\n\n    SyntaxError: Cannot use import statement outside a module\n\n      at Runtime.createScriptFromCode (node_modules/jest-runtime/build/index.js:1314:40)\n","name":"/Users/florian/Sources/game-agent-v2/server/tests/unit/design/LoopClarifierChain.test.mjs","startTime":1750753366400,"status":"failed","summary":""},{"assertionResults":[],"coverage":{},"endTime":1750753366400,"message":"  ● Test suite failed to run\n\n    Jest encountered an unexpected token\n\n    Jest failed to parse a file. This happens e.g. when your code or its dependencies use non-standard JavaScript syntax, or when Jest is not configured to support such syntax.\n\n    Out of the box Jest supports Babel, which will be used to transform your files into valid JS based on your Babel configuration.\n\n    By default \"node_modules\" folder is ignored by transformers.\n\n    Here's what you can do:\n     • If you are trying to use ECMAScript Modules, see https://jestjs.io/docs/ecmascript-modules for how to enable it.\n     • If you are trying to use TypeScript, see https://jestjs.io/docs/getting-started#using-typescript\n     • To have some of your \"node_modules\" files transformed, you can specify a custom \"transformIgnorePatterns\" in your config.\n     • If you need a custom transformation, specify a \"transform\" option in your config.\n     • If you simply want to mock your non-JS modules (e.g. binary assets) you can stub them out with the \"moduleNameMapper\" config option.\n\n    You'll find more details and examples of these config options in the docs:\n    https://jestjs.io/docs/configuration\n    For information about custom transformations, see:\n    https://jestjs.io/docs/code-transformation\n\n    Details:\n\n    /Users/florian/Sources/game-agent-v2/server/tests/unit/design/WinConditionBuilderChain.test.mjs:1\n    import { describe, it, expect } from 'vitest';\n    ^^^^^^\n\n    SyntaxError: Cannot use import statement outside a module\n\n      at Runtime.createScriptFromCode (node_modules/jest-runtime/build/index.js:1314:40)\n","name":"/Users/florian/Sources/game-agent-v2/server/tests/unit/design/WinConditionBuilderChain.test.mjs","startTime":1750753366400,"status":"failed","summary":""},{"assertionResults":[],"coverage":{},"endTime":1750753366400,"message":"  ● Test suite failed to run\n\n    Jest encountered an unexpected token\n\n    Jest failed to parse a file. This happens e.g. when your code or its dependencies use non-standard JavaScript syntax, or when Jest is not configured to support such syntax.\n\n    Out of the box Jest supports Babel, which will be used to transform your files into valid JS based on your Babel configuration.\n\n    By default \"node_modules\" folder is ignored by transformers.\n\n    Here's what you can do:\n     • If you are trying to use ECMAScript Modules, see https://jestjs.io/docs/ecmascript-modules for how to enable it.\n     • If you are trying to use TypeScript, see https://jestjs.io/docs/getting-started#using-typescript\n     • To have some of your \"node_modules\" files transformed, you can specify a custom \"transformIgnorePatterns\" in your config.\n     • If you need a custom transformation, specify a \"transform\" option in your config.\n     • If you simply want to mock your non-JS modules (e.g. binary assets) you can stub them out with the \"moduleNameMapper\" config option.\n\n    You'll find more details and examples of these config options in the docs:\n    https://jestjs.io/docs/configuration\n    For information about custom transformations, see:\n    https://jestjs.io/docs/code-transformation\n\n    Details:\n\n    /Users/florian/Sources/game-agent-v2/server/tests/unit/design/MechanicExtractorChain.test.mjs:1\n    import { describe, it, expect } from 'vitest';\n    ^^^^^^\n\n    SyntaxError: Cannot use import statement outside a module\n\n      at Runtime.createScriptFromCode (node_modules/jest-runtime/build/index.js:1314:40)\n","name":"/Users/florian/Sources/game-agent-v2/server/tests/unit/design/MechanicExtractorChain.test.mjs","startTime":1750753366400,"status":"failed","summary":""},{"assertionResults":[{"ancestorTitles":["SharedState"],"duration":35,"failing":false,"failureDetails":[],"failureMessages":[],"fullName":"SharedState createSharedState returns an object with all required fields","invocations":1,"location":null,"numPassingAsserts":7,"retryReasons":[],"startAt":1750753362120,"status":"passed","title":"createSharedState returns an object with all required fields"},{"ancestorTitles":["SharedState"],"duration":1,"failing":false,"failureDetails":[],"failureMessages":[],"fullName":"SharedState metadata contains startTime and lastUpdate","invocations":1,"location":null,"numPassingAsserts":4,"retryReasons":[],"startAt":1750753362155,"status":"passed","title":"metadata contains startTime and lastUpdate"},{"ancestorTitles":["SharedState"],"duration":3,"failing":false,"failureDetails":[],"failureMessages":[],"fullName":"SharedState each call creates a new independent state object","invocations":1,"location":null,"numPassingAsserts":4,"retryReasons":[],"startAt":1750753362156,"status":"passed","title":"each call creates a new independent state object"}],"endTime":1750753362265,"message":"","name":"/Users/florian/Sources/game-agent-v2/server/tests/unit/SharedState.test.js","startTime":1750753361405,"status":"passed","summary":""},{"assertionResults":[],"coverage":{},"endTime":1750753366400,"message":"  ● Test suite failed to run\n\n    Jest encountered an unexpected token\n\n    Jest failed to parse a file. This happens e.g. when your code or its dependencies use non-standard JavaScript syntax, or when Jest is not configured to support such syntax.\n\n    Out of the box Jest supports Babel, which will be used to transform your files into valid JS based on your Babel configuration.\n\n    By default \"node_modules\" folder is ignored by transformers.\n\n    Here's what you can do:\n     • If you are trying to use ECMAScript Modules, see https://jestjs.io/docs/ecmascript-modules for how to enable it.\n     • If you are trying to use TypeScript, see https://jestjs.io/docs/getting-started#using-typescript\n     • To have some of your \"node_modules\" files transformed, you can specify a custom \"transformIgnorePatterns\" in your config.\n     • If you need a custom transformation, specify a \"transform\" option in your config.\n     • If you simply want to mock your non-JS modules (e.g. binary assets) you can stub them out with the \"moduleNameMapper\" config option.\n\n    You'll find more details and examples of these config options in the docs:\n    https://jestjs.io/docs/configuration\n    For information about custom transformations, see:\n    https://jestjs.io/docs/code-transformation\n\n    Details:\n\n    /Users/florian/Sources/game-agent-v2/server/tests/unit/design/FinalAssemblerChain.test.mjs:1\n    import { describe, it, expect } from 'vitest';\n    ^^^^^^\n\n    SyntaxError: Cannot use import statement outside a module\n\n      at Runtime.createScriptFromCode (node_modules/jest-runtime/build/index.js:1314:40)\n","name":"/Users/florian/Sources/game-agent-v2/server/tests/unit/design/FinalAssemblerChain.test.mjs","startTime":1750753366400,"status":"failed","summary":""},{"assertionResults":[],"coverage":{},"endTime":1750753366400,"message":"  ● Test suite failed to run\n\n    Jest encountered an unexpected token\n\n    Jest failed to parse a file. This happens e.g. when your code or its dependencies use non-standard JavaScript syntax, or when Jest is not configured to support such syntax.\n\n    Out of the box Jest supports Babel, which will be used to transform your files into valid JS based on your Babel configuration.\n\n    By default \"node_modules\" folder is ignored by transformers.\n\n    Here's what you can do:\n     • If you are trying to use ECMAScript Modules, see https://jestjs.io/docs/ecmascript-modules for how to enable it.\n     • If you are trying to use TypeScript, see https://jestjs.io/docs/getting-started#using-typescript\n     • To have some of your \"node_modules\" files transformed, you can specify a custom \"transformIgnorePatterns\" in your config.\n     • If you need a custom transformation, specify a \"transform\" option in your config.\n     • If you simply want to mock your non-JS modules (e.g. binary assets) you can stub them out with the \"moduleNameMapper\" config option.\n\n    You'll find more details and examples of these config options in the docs:\n    https://jestjs.io/docs/configuration\n    For information about custom transformations, see:\n    https://jestjs.io/docs/code-transformation\n\n    Details:\n\n    /Users/florian/Sources/game-agent-v2/server/tests/unit/design/EntityListBuilderChain.test.mjs:1\n    import { describe, it, expect } from 'vitest';\n    ^^^^^^\n\n    SyntaxError: Cannot use import statement outside a module\n\n      at Runtime.createScriptFromCode (node_modules/jest-runtime/build/index.js:1314:40)\n","name":"/Users/florian/Sources/game-agent-v2/server/tests/unit/design/EntityListBuilderChain.test.mjs","startTime":1750753366400,"status":"failed","summary":""},{"assertionResults":[],"coverage":{},"endTime":1750753366400,"message":"  ● Test suite failed to run\n\n    Jest encountered an unexpected token\n\n    Jest failed to parse a file. This happens e.g. when your code or its dependencies use non-standard JavaScript syntax, or when Jest is not configured to support such syntax.\n\n    Out of the box Jest supports Babel, which will be used to transform your files into valid JS based on your Babel configuration.\n\n    By default \"node_modules\" folder is ignored by transformers.\n\n    Here's what you can do:\n     • If you are trying to use ECMAScript Modules, see https://jestjs.io/docs/ecmascript-modules for how to enable it.\n     • If you are trying to use TypeScript, see https://jestjs.io/docs/getting-started#using-typescript\n     • To have some of your \"node_modules\" files transformed, you can specify a custom \"transformIgnorePatterns\" in your config.\n     • If you need a custom transformation, specify a \"transform\" option in your config.\n     • If you simply want to mock your non-JS modules (e.g. binary assets) you can stub them out with the \"moduleNameMapper\" config option.\n\n    You'll find more details and examples of these config options in the docs:\n    https://jestjs.io/docs/configuration\n    For information about custom transformations, see:\n    https://jestjs.io/docs/code-transformation\n\n    Details:\n\n    /Users/florian/Sources/game-agent-v2/server/tests/unit/design/IdeaGeneratorChain.test.mjs:1\n    import { describe, it, expect, vi } from 'vitest';\n    ^^^^^^\n\n    SyntaxError: Cannot use import statement outside a module\n\n      at Runtime.createScriptFromCode (node_modules/jest-runtime/build/index.js:1314:40)\n","name":"/Users/florian/Sources/game-agent-v2/server/tests/unit/design/IdeaGeneratorChain.test.mjs","startTime":1750753366400,"status":"failed","summary":""},{"assertionResults":[],"coverage":{},"endTime":1750753366400,"message":"  ● Test suite failed to run\n\n    Jest encountered an unexpected token\n\n    Jest failed to parse a file. This happens e.g. when your code or its dependencies use non-standard JavaScript syntax, or when Jest is not configured to support such syntax.\n\n    Out of the box Jest supports Babel, which will be used to transform your files into valid JS based on your Babel configuration.\n\n    By default \"node_modules\" folder is ignored by transformers.\n\n    Here's what you can do:\n     • If you are trying to use ECMAScript Modules, see https://jestjs.io/docs/ecmascript-modules for how to enable it.\n     • If you are trying to use TypeScript, see https://jestjs.io/docs/getting-started#using-typescript\n     • To have some of your \"node_modules\" files transformed, you can specify a custom \"transformIgnorePatterns\" in your config.\n     • If you need a custom transformation, specify a \"transform\" option in your config.\n     • If you simply want to mock your non-JS modules (e.g. binary assets) you can stub them out with the \"moduleNameMapper\" config option.\n\n    You'll find more details and examples of these config options in the docs:\n    https://jestjs.io/docs/configuration\n    For information about custom transformations, see:\n    https://jestjs.io/docs/code-transformation\n\n    Details:\n\n    /Users/florian/Sources/game-agent-v2/server/tests/unit/design/GameDesignChain.test.mjs:2\n    import { describe, it, expect } from 'vitest';\n    ^^^^^^\n\n    SyntaxError: Cannot use import statement outside a module\n\n      at Runtime.createScriptFromCode (node_modules/jest-runtime/build/index.js:1314:40)\n","name":"/Users/florian/Sources/game-agent-v2/server/tests/unit/design/GameDesignChain.test.mjs","startTime":1750753366400,"status":"failed","summary":""},{"assertionResults":[{"ancestorTitles":["ContextStepBuilderChain"],"duration":6,"failing":false,"failureDetails":[],"failureMessages":[],"fullName":"ContextStepBuilderChain loads the prompt template with correct variables","invocations":1,"location":null,"numPassingAsserts":3,"retryReasons":[],"startAt":1750753362792,"status":"passed","title":"loads the prompt template with correct variables"},{"ancestorTitles":["ContextStepBuilderChain"],"duration":3,"failing":false,"failureDetails":[],"failureMessages":[],"fullName":"ContextStepBuilderChain parses output string using StringOutputParser","invocations":1,"location":null,"numPassingAsserts":1,"retryReasons":[],"startAt":1750753362798,"status":"passed","title":"parses output string using StringOutputParser"},{"ancestorTitles":["ContextStepBuilderChain"],"duration":1061,"failing":false,"failureDetails":[],"failureMessages":[],"fullName":"ContextStepBuilderChain integration: runs end-to-end with real OpenAI if API key is present","invocations":1,"location":null,"numPassingAsserts":4,"retryReasons":[],"startAt":1750753362801,"status":"passed","title":"integration: runs end-to-end with real OpenAI if API key is present"}],"endTime":1750753363926,"message":"","name":"/Users/florian/Sources/game-agent-v2/server/tests/unit/ContextStepBuilderChain.test.js","startTime":1750753361362,"status":"passed","summary":""},{"assertionResults":[{"ancestorTitles":["FeedbackChain"],"duration":7,"failing":false,"failureDetails":[],"failureMessages":[],"fullName":"FeedbackChain loads the prompt template with correct variables","invocations":1,"location":null,"numPassingAsserts":2,"retryReasons":[],"startAt":1750753362800,"status":"passed","title":"loads the prompt template with correct variables"},{"ancestorTitles":["FeedbackChain"],"duration":3,"failing":false,"failureDetails":[],"failureMessages":[],"fullName":"FeedbackChain parses output JSON using JsonOutputParser","invocations":1,"location":null,"numPassingAsserts":1,"retryReasons":[],"startAt":1750753362808,"status":"passed","title":"parses output JSON using JsonOutputParser"},{"ancestorTitles":["FeedbackChain"],"duration":1117,"failing":false,"failureDetails":[],"failureMessages":[],"fullName":"FeedbackChain integration: runs end-to-end with real OpenAI if API key is present","invocations":1,"location":null,"numPassingAsserts":2,"retryReasons":[],"startAt":1750753362811,"status":"passed","title":"integration: runs end-to-end with real OpenAI if API key is present"}],"endTime":1750753363993,"message":"","name":"/Users/florian/Sources/game-agent-v2/server/tests/unit/FeedbackChain.test.js","startTime":1750753361393,"status":"passed","summary":""},{"assertionResults":[{"ancestorTitles":["PlayabilityValidatorChain Pipeline Tests","JsonOutputParser"],"duration":9,"failing":false,"failureDetails":[],"failureMessages":[],"fullName":"PlayabilityValidatorChain Pipeline Tests JsonOutputParser parses JSON output string","invocations":1,"location":null,"numPassingAsserts":1,"retryReasons":[],"startAt":1750753362741,"status":"passed","title":"parses JSON output string"},{"ancestorTitles":["PlayabilityValidatorChain Pipeline Tests","Prompt Template"],"duration":6,"failing":false,"failureDetails":[],"failureMessages":[],"fullName":"PlayabilityValidatorChain Pipeline Tests Prompt Template loads prompt file and checks content","invocations":1,"location":null,"numPassingAsserts":2,"retryReasons":[],"startAt":1750753362751,"status":"passed","title":"loads prompt file and checks content"},{"ancestorTitles":["PlayabilityValidatorChain Pipeline Tests","Mock chain contract"],"duration":0,"failing":false,"failureDetails":[],"failureMessages":[],"fullName":"PlayabilityValidatorChain Pipeline Tests Mock chain contract returns correct output shape","invocations":1,"location":null,"numPassingAsserts":3,"retryReasons":[],"startAt":1750753362758,"status":"passed","title":"returns correct output shape"},{"ancestorTitles":["PlayabilityValidatorChain Pipeline Tests","Integration (real chain, real LLM)"],"duration":1229,"failing":false,"failureDetails":[],"failureMessages":[],"fullName":"PlayabilityValidatorChain Pipeline Tests Integration (real chain, real LLM) runs end-to-end with real LLM","invocations":1,"location":null,"numPassingAsserts":3,"retryReasons":[],"startAt":1750753362759,"status":"passed","title":"runs end-to-end with real LLM"}],"endTime":1750753364057,"message":"","name":"/Users/florian/Sources/game-agent-v2/server/tests/unit/PlayabilityValidatorChain.test.js","startTime":1750753361365,"status":"passed","summary":""},{"assertionResults":[{"ancestorTitles":["GameInventorChain Pipeline Tests","JsonOutputParser"],"duration":9,"failing":false,"failureDetails":[],"failureMessages":[],"fullName":"GameInventorChain Pipeline Tests JsonOutputParser parses markdown-wrapped JSON string","invocations":1,"location":null,"numPassingAsserts":1,"retryReasons":[],"startAt":1750753362740,"status":"passed","title":"parses markdown-wrapped JSON string"},{"ancestorTitles":["GameInventorChain Pipeline Tests","Prompt Template"],"duration":8,"failing":false,"failureDetails":[],"failureMessages":[],"fullName":"GameInventorChain Pipeline Tests Prompt Template loads prompt file and checks content","invocations":1,"location":null,"numPassingAsserts":2,"retryReasons":[],"startAt":1750753362749,"status":"passed","title":"loads prompt file and checks content"},{"ancestorTitles":["GameInventorChain Pipeline Tests","Mock chain contract"],"duration":1,"failing":false,"failureDetails":[],"failureMessages":[],"fullName":"GameInventorChain Pipeline Tests Mock chain contract returns correct output shape","invocations":1,"location":null,"numPassingAsserts":3,"retryReasons":[],"startAt":1750753362757,"status":"passed","title":"returns correct output shape"},{"ancestorTitles":["GameInventorChain Pipeline Tests","Integration (real chain, real LLM)"],"duration":1370,"failing":false,"failureDetails":[],"failureMessages":[],"fullName":"GameInventorChain Pipeline Tests Integration (real chain, real LLM) runs end-to-end with real LLM","invocations":1,"location":null,"numPassingAsserts":3,"retryReasons":[],"startAt":1750753362758,"status":"passed","title":"runs end-to-end with real LLM"}],"endTime":1750753364191,"message":"","name":"/Users/florian/Sources/game-agent-v2/server/tests/unit/GameInventorChain.test.js","startTime":1750753361372,"status":"passed","summary":""},{"assertionResults":[{"ancestorTitles":["PlayabilityAutoFixChain Pipeline Tests","JsonOutputParser"],"duration":13,"failing":false,"failureDetails":[],"failureMessages":[],"fullName":"PlayabilityAutoFixChain Pipeline Tests JsonOutputParser parses JSON output string","invocations":1,"location":null,"numPassingAsserts":1,"retryReasons":[],"startAt":1750753362751,"status":"passed","title":"parses JSON output string"},{"ancestorTitles":["PlayabilityAutoFixChain Pipeline Tests","Prompt Template"],"duration":4,"failing":false,"failureDetails":[],"failureMessages":[],"fullName":"PlayabilityAutoFixChain Pipeline Tests Prompt Template loads prompt file and checks content","invocations":1,"location":null,"numPassingAsserts":2,"retryReasons":[],"startAt":1750753362764,"status":"passed","title":"loads prompt file and checks content"},{"ancestorTitles":["PlayabilityAutoFixChain Pipeline Tests","Mock chain contract"],"duration":2,"failing":false,"failureDetails":[],"failureMessages":[],"fullName":"PlayabilityAutoFixChain Pipeline Tests Mock chain contract returns correct output shape","invocations":1,"location":null,"numPassingAsserts":5,"retryReasons":[],"startAt":1750753362768,"status":"passed","title":"returns correct output shape"},{"ancestorTitles":["PlayabilityAutoFixChain Pipeline Tests","Integration (real chain, real LLM)"],"duration":2955,"failing":false,"failureDetails":[],"failureMessages":[],"fullName":"PlayabilityAutoFixChain Pipeline Tests Integration (real chain, real LLM) runs end-to-end with real LLM","invocations":1,"location":null,"numPassingAsserts":5,"retryReasons":[],"startAt":1750753362770,"status":"passed","title":"runs end-to-end with real LLM"}],"endTime":1750753365789,"message":"","name":"/Users/florian/Sources/game-agent-v2/server/tests/unit/PlayabilityAutoFixChain.test.js","startTime":1750753361406,"status":"passed","summary":""},{"assertionResults":[{"ancestorTitles":["PlannerChain Pipeline Tests","JsonOutputParser"],"duration":15,"failing":false,"failureDetails":[],"failureMessages":[],"fullName":"PlannerChain Pipeline Tests JsonOutputParser parses JSON array output string","invocations":1,"location":null,"numPassingAsserts":4,"retryReasons":[],"startAt":1750753362750,"status":"passed","title":"parses JSON array output string"},{"ancestorTitles":["PlannerChain Pipeline Tests","Prompt Template"],"duration":6,"failing":false,"failureDetails":[],"failureMessages":[],"fullName":"PlannerChain Pipeline Tests Prompt Template loads prompt file and checks content","invocations":1,"location":null,"numPassingAsserts":2,"retryReasons":[],"startAt":1750753362766,"status":"passed","title":"loads prompt file and checks content"},{"ancestorTitles":["PlannerChain Pipeline Tests","Mock chain contract"],"duration":1,"failing":false,"failureDetails":[],"failureMessages":[],"fullName":"PlannerChain Pipeline Tests Mock chain contract returns correct output shape","invocations":1,"location":null,"numPassingAsserts":5,"retryReasons":[],"startAt":1750753362772,"status":"passed","title":"returns correct output shape"},{"ancestorTitles":["PlannerChain Pipeline Tests","Integration (real chain, real LLM)"],"duration":3388,"failing":false,"failureDetails":[],"failureMessages":[],"fullName":"PlannerChain Pipeline Tests Integration (real chain, real LLM) runs end-to-end with real LLM","invocations":1,"location":null,"numPassingAsserts":4,"retryReasons":[],"startAt":1750753362773,"status":"passed","title":"runs end-to-end with real LLM"}],"endTime":1750753366226,"message":"","name":"/Users/florian/Sources/game-agent-v2/server/tests/unit/PlannerChain.test.js","startTime":1750753361385,"status":"passed","summary":""}],"wasInterrupted":false,"coverageMap":{"/Users/florian/Sources/game-agent-v2/server/agents/chains/ContextStepBuilderChain.js":{"path":"/Users/florian/Sources/game-agent-v2/server/agents/chains/ContextStepBuilderChain.js","all":false,"statementMap":{"0":{"start":{"line":1,"column":0},"end":{"line":1,"column":54}},"1":{"start":{"line":2,"column":0},"end":{"line":2,"column":39}},"2":{"start":{"line":3,"column":0},"end":{"line":3,"column":49}},"3":{"start":{"line":4,"column":0},"end":{"line":4,"column":0}},"4":{"start":{"line":5,"column":0},"end":{"line":5,"column":71}},"5":{"start":{"line":6,"column":0},"end":{"line":6,"column":73}},"6":{"start":{"line":7,"column":0},"end":{"line":7,"column":52}},"7":{"start":{"line":8,"column":0},"end":{"line":8,"column":0}},"8":{"start":{"line":9,"column":0},"end":{"line":9,"column":30}},"9":{"start":{"line":10,"column":0},"end":{"line":10,"column":51}},"10":{"start":{"line":11,"column":0},"end":{"line":11,"column":99}},"11":{"start":{"line":12,"column":0},"end":{"line":12,"column":55}},"12":{"start":{"line":13,"column":0},"end":{"line":13,"column":41}},"13":{"start":{"line":14,"column":0},"end":{"line":14,"column":32}},"14":{"start":{"line":15,"column":0},"end":{"line":15,"column":5}},"15":{"start":{"line":16,"column":0},"end":{"line":16,"column":39}},"16":{"start":{"line":17,"column":0},"end":{"line":17,"column":1}},"17":{"start":{"line":18,"column":0},"end":{"line":18,"column":0}},"18":{"start":{"line":19,"column":0},"end":{"line":19,"column":51}}},"s":{"0":1,"1":1,"2":1,"3":1,"4":1,"5":1,"6":1,"7":1,"8":1,"9":1,"10":1,"11":1,"12":1,"13":1,"14":1,"15":1,"16":1,"17":1,"18":1},"branchMap":{"0":{"type":"branch","line":1,"loc":{"start":{"line":1,"column":0},"end":{"line":19,"column":51}},"locations":[{"start":{"line":1,"column":0},"end":{"line":19,"column":51}}]},"1":{"type":"branch","line":10,"loc":{"start":{"line":10,"column":0},"end":{"line":17,"column":1}},"locations":[{"start":{"line":10,"column":0},"end":{"line":17,"column":1}}]},"2":{"type":"branch","line":11,"loc":{"start":{"line":11,"column":12},"end":{"line":11,"column":99}},"locations":[{"start":{"line":11,"column":12},"end":{"line":11,"column":99}}]}},"b":{"0":[1],"1":[1],"2":[0]},"fnMap":{"0":{"name":"createContextStepBuilderChain","decl":{"start":{"line":10,"column":0},"end":{"line":17,"column":1}},"loc":{"start":{"line":10,"column":0},"end":{"line":17,"column":1}},"line":10},"1":{"name":"parse","decl":{"start":{"line":14,"column":11},"end":{"line":14,"column":32}},"loc":{"start":{"line":14,"column":11},"end":{"line":14,"column":32}},"line":14}},"f":{"0":1,"1":0}},"/Users/florian/Sources/game-agent-v2/server/agents/chains/FeedbackChain.js":{"path":"/Users/florian/Sources/game-agent-v2/server/agents/chains/FeedbackChain.js","all":false,"statementMap":{"0":{"start":{"line":1,"column":0},"end":{"line":1,"column":44}},"1":{"start":{"line":2,"column":0},"end":{"line":2,"column":36}},"2":{"start":{"line":3,"column":0},"end":{"line":3,"column":68}},"3":{"start":{"line":4,"column":0},"end":{"line":4,"column":0}},"4":{"start":{"line":5,"column":0},"end":{"line":5,"column":34}},"5":{"start":{"line":6,"column":0},"end":{"line":6,"column":29}},"6":{"start":{"line":7,"column":0},"end":{"line":7,"column":62}},"7":{"start":{"line":8,"column":0},"end":{"line":8,"column":73}},"8":{"start":{"line":9,"column":0},"end":{"line":9,"column":52}},"9":{"start":{"line":10,"column":0},"end":{"line":10,"column":0}},"10":{"start":{"line":11,"column":0},"end":{"line":11,"column":30}},"11":{"start":{"line":12,"column":0},"end":{"line":12,"column":124}},"12":{"start":{"line":13,"column":0},"end":{"line":13,"column":80}},"13":{"start":{"line":14,"column":0},"end":{"line":14,"column":61}},"14":{"start":{"line":15,"column":0},"end":{"line":15,"column":37}},"15":{"start":{"line":16,"column":0},"end":{"line":16,"column":27}},"16":{"start":{"line":17,"column":0},"end":{"line":17,"column":46}},"17":{"start":{"line":18,"column":0},"end":{"line":18,"column":5}},"18":{"start":{"line":19,"column":0},"end":{"line":19,"column":42}},"19":{"start":{"line":20,"column":0},"end":{"line":20,"column":39}},"20":{"start":{"line":21,"column":0},"end":{"line":21,"column":1}},"21":{"start":{"line":22,"column":0},"end":{"line":22,"column":0}},"22":{"start":{"line":23,"column":0},"end":{"line":23,"column":41}}},"s":{"0":1,"1":1,"2":1,"3":1,"4":1,"5":1,"6":1,"7":1,"8":1,"9":1,"10":1,"11":1,"12":1,"13":1,"14":1,"15":1,"16":1,"17":1,"18":1,"19":1,"20":1,"21":1,"22":1},"branchMap":{"0":{"type":"branch","line":1,"loc":{"start":{"line":1,"column":0},"end":{"line":23,"column":41}},"locations":[{"start":{"line":1,"column":0},"end":{"line":23,"column":41}}]},"1":{"type":"branch","line":12,"loc":{"start":{"line":12,"column":0},"end":{"line":21,"column":1}},"locations":[{"start":{"line":12,"column":0},"end":{"line":21,"column":1}}]},"2":{"type":"branch","line":12,"loc":{"start":{"line":12,"column":90},"end":{"line":12,"column":102}},"locations":[{"start":{"line":12,"column":90},"end":{"line":12,"column":102}}]}},"b":{"0":[1],"1":[1],"2":[0]},"fnMap":{"0":{"name":"createFeedbackChain","decl":{"start":{"line":12,"column":0},"end":{"line":21,"column":1}},"loc":{"start":{"line":12,"column":0},"end":{"line":21,"column":1}},"line":12}},"f":{"0":1}},"/Users/florian/Sources/game-agent-v2/server/agents/chains/GameInventorChain.js":{"path":"/Users/florian/Sources/game-agent-v2/server/agents/chains/GameInventorChain.js","all":false,"statementMap":{"0":{"start":{"line":1,"column":0},"end":{"line":1,"column":43}},"1":{"start":{"line":2,"column":0},"end":{"line":2,"column":52}},"2":{"start":{"line":3,"column":0},"end":{"line":3,"column":62}},"3":{"start":{"line":4,"column":0},"end":{"line":4,"column":71}},"4":{"start":{"line":5,"column":0},"end":{"line":5,"column":29}},"5":{"start":{"line":6,"column":0},"end":{"line":6,"column":34}},"6":{"start":{"line":7,"column":0},"end":{"line":7,"column":0}},"7":{"start":{"line":8,"column":0},"end":{"line":8,"column":91}},"8":{"start":{"line":9,"column":0},"end":{"line":9,"column":128}},"9":{"start":{"line":10,"column":0},"end":{"line":10,"column":84}},"10":{"start":{"line":11,"column":0},"end":{"line":11,"column":61}},"11":{"start":{"line":12,"column":0},"end":{"line":12,"column":96}},"12":{"start":{"line":13,"column":0},"end":{"line":13,"column":40}},"13":{"start":{"line":14,"column":0},"end":{"line":14,"column":51}},"14":{"start":{"line":15,"column":0},"end":{"line":15,"column":1}},"15":{"start":{"line":16,"column":0},"end":{"line":16,"column":0}},"16":{"start":{"line":17,"column":0},"end":{"line":17,"column":2}},"17":{"start":{"line":18,"column":0},"end":{"line":18,"column":17}},"18":{"start":{"line":19,"column":0},"end":{"line":19,"column":14}},"19":{"start":{"line":20,"column":0},"end":{"line":20,"column":48}},"20":{"start":{"line":21,"column":0},"end":{"line":21,"column":61}},"21":{"start":{"line":22,"column":0},"end":{"line":22,"column":22}},"22":{"start":{"line":23,"column":0},"end":{"line":23,"column":5}},"23":{"start":{"line":24,"column":0},"end":{"line":24,"column":2}},"24":{"start":{"line":25,"column":0},"end":{"line":25,"column":0}},"25":{"start":{"line":26,"column":0},"end":{"line":26,"column":45}}},"s":{"0":1,"1":1,"2":1,"3":1,"4":1,"5":1,"6":1,"7":1,"8":1,"9":1,"10":1,"11":1,"12":1,"13":1,"14":1,"15":1,"16":1,"17":1,"18":1,"19":1,"20":1,"21":1,"22":1,"23":1,"24":1,"25":1},"branchMap":{"0":{"type":"branch","line":1,"loc":{"start":{"line":1,"column":0},"end":{"line":26,"column":45}},"locations":[{"start":{"line":1,"column":0},"end":{"line":26,"column":45}}]},"1":{"type":"branch","line":9,"loc":{"start":{"line":9,"column":0},"end":{"line":15,"column":1}},"locations":[{"start":{"line":9,"column":0},"end":{"line":15,"column":1}}]},"2":{"type":"branch","line":9,"loc":{"start":{"line":9,"column":94},"end":{"line":9,"column":106}},"locations":[{"start":{"line":9,"column":94},"end":{"line":9,"column":106}}]}},"b":{"0":[1],"1":[1],"2":[0]},"fnMap":{"0":{"name":"createGameInventorChain","decl":{"start":{"line":9,"column":0},"end":{"line":15,"column":1}},"loc":{"start":{"line":9,"column":0},"end":{"line":15,"column":1}},"line":9}},"f":{"0":1}},"/Users/florian/Sources/game-agent-v2/server/agents/chains/PlannerChain.js":{"path":"/Users/florian/Sources/game-agent-v2/server/agents/chains/PlannerChain.js","all":false,"statementMap":{"0":{"start":{"line":1,"column":0},"end":{"line":1,"column":34}},"1":{"start":{"line":2,"column":0},"end":{"line":2,"column":29}},"2":{"start":{"line":3,"column":0},"end":{"line":3,"column":62}},"3":{"start":{"line":4,"column":0},"end":{"line":4,"column":71}},"4":{"start":{"line":5,"column":0},"end":{"line":5,"column":52}},"5":{"start":{"line":6,"column":0},"end":{"line":6,"column":0}},"6":{"start":{"line":7,"column":0},"end":{"line":7,"column":33}},"7":{"start":{"line":8,"column":0},"end":{"line":8,"column":123}},"8":{"start":{"line":9,"column":0},"end":{"line":9,"column":79}},"9":{"start":{"line":10,"column":0},"end":{"line":10,"column":61}},"10":{"start":{"line":11,"column":0},"end":{"line":11,"column":65}},"11":{"start":{"line":12,"column":0},"end":{"line":12,"column":44}},"12":{"start":{"line":13,"column":0},"end":{"line":13,"column":27}},"13":{"start":{"line":14,"column":0},"end":{"line":14,"column":38}},"14":{"start":{"line":15,"column":0},"end":{"line":15,"column":5}},"15":{"start":{"line":16,"column":0},"end":{"line":16,"column":40}},"16":{"start":{"line":17,"column":0},"end":{"line":17,"column":0}},"17":{"start":{"line":18,"column":0},"end":{"line":18,"column":80}},"18":{"start":{"line":19,"column":0},"end":{"line":19,"column":10}},"19":{"start":{"line":20,"column":0},"end":{"line":20,"column":25}},"20":{"start":{"line":21,"column":0},"end":{"line":21,"column":66}},"21":{"start":{"line":22,"column":0},"end":{"line":22,"column":30}},"22":{"start":{"line":23,"column":0},"end":{"line":23,"column":17}},"23":{"start":{"line":24,"column":0},"end":{"line":24,"column":135}},"24":{"start":{"line":25,"column":0},"end":{"line":25,"column":8}},"25":{"start":{"line":26,"column":0},"end":{"line":26,"column":71}},"26":{"start":{"line":27,"column":0},"end":{"line":27,"column":72}},"27":{"start":{"line":28,"column":0},"end":{"line":28,"column":74}},"28":{"start":{"line":29,"column":0},"end":{"line":29,"column":57}},"29":{"start":{"line":30,"column":0},"end":{"line":30,"column":65}},"30":{"start":{"line":31,"column":0},"end":{"line":31,"column":11}},"31":{"start":{"line":32,"column":0},"end":{"line":32,"column":40}},"32":{"start":{"line":33,"column":0},"end":{"line":33,"column":21}},"33":{"start":{"line":34,"column":0},"end":{"line":34,"column":92}},"34":{"start":{"line":35,"column":0},"end":{"line":35,"column":18}},"35":{"start":{"line":36,"column":0},"end":{"line":36,"column":7}},"36":{"start":{"line":37,"column":0},"end":{"line":37,"column":5}},"37":{"start":{"line":38,"column":0},"end":{"line":38,"column":4}},"38":{"start":{"line":39,"column":0},"end":{"line":39,"column":0}},"39":{"start":{"line":40,"column":0},"end":{"line":40,"column":1}},"40":{"start":{"line":41,"column":0},"end":{"line":41,"column":0}},"41":{"start":{"line":42,"column":0},"end":{"line":42,"column":40}}},"s":{"0":1,"1":1,"2":1,"3":1,"4":1,"5":1,"6":1,"7":1,"8":1,"9":1,"10":1,"11":1,"12":1,"13":1,"14":1,"15":1,"16":1,"17":1,"18":1,"19":1,"20":1,"21":1,"22":1,"23":1,"24":1,"25":1,"26":1,"27":1,"28":1,"29":1,"30":1,"31":1,"32":1,"33":0,"34":0,"35":0,"36":1,"37":1,"38":1,"39":1,"40":1,"41":1},"branchMap":{"0":{"type":"branch","line":1,"loc":{"start":{"line":1,"column":0},"end":{"line":42,"column":40}},"locations":[{"start":{"line":1,"column":0},"end":{"line":42,"column":40}}]},"1":{"type":"branch","line":8,"loc":{"start":{"line":8,"column":0},"end":{"line":40,"column":1}},"locations":[{"start":{"line":8,"column":0},"end":{"line":40,"column":1}}]},"2":{"type":"branch","line":8,"loc":{"start":{"line":8,"column":89},"end":{"line":8,"column":101}},"locations":[{"start":{"line":8,"column":89},"end":{"line":8,"column":101}}]},"3":{"type":"branch","line":20,"loc":{"start":{"line":20,"column":4},"end":{"line":37,"column":5}},"locations":[{"start":{"line":20,"column":4},"end":{"line":37,"column":5}}]},"4":{"type":"branch","line":24,"loc":{"start":{"line":24,"column":88},"end":{"line":24,"column":135}},"locations":[{"start":{"line":24,"column":88},"end":{"line":24,"column":135}}]},"5":{"type":"branch","line":33,"loc":{"start":{"line":33,"column":8},"end":{"line":36,"column":7}},"locations":[{"start":{"line":33,"column":8},"end":{"line":36,"column":7}}]}},"b":{"0":[1],"1":[1],"2":[0],"3":[1],"4":[0],"5":[0]},"fnMap":{"0":{"name":"createPlannerChain","decl":{"start":{"line":8,"column":0},"end":{"line":40,"column":1}},"loc":{"start":{"line":8,"column":0},"end":{"line":40,"column":1}},"line":8},"1":{"name":"invoke","decl":{"start":{"line":20,"column":4},"end":{"line":37,"column":5}},"loc":{"start":{"line":20,"column":4},"end":{"line":37,"column":5}},"line":20}},"f":{"0":1,"1":1}},"/Users/florian/Sources/game-agent-v2/server/agents/chains/PlayabilityAutoFixChain.js":{"path":"/Users/florian/Sources/game-agent-v2/server/agents/chains/PlayabilityAutoFixChain.js","all":false,"statementMap":{"0":{"start":{"line":1,"column":0},"end":{"line":1,"column":34}},"1":{"start":{"line":2,"column":0},"end":{"line":2,"column":29}},"2":{"start":{"line":3,"column":0},"end":{"line":3,"column":62}},"3":{"start":{"line":4,"column":0},"end":{"line":4,"column":71}},"4":{"start":{"line":5,"column":0},"end":{"line":5,"column":52}},"5":{"start":{"line":6,"column":0},"end":{"line":6,"column":0}},"6":{"start":{"line":7,"column":0},"end":{"line":7,"column":44}},"7":{"start":{"line":8,"column":0},"end":{"line":8,"column":134}},"8":{"start":{"line":9,"column":0},"end":{"line":9,"column":90}},"9":{"start":{"line":10,"column":0},"end":{"line":10,"column":61}},"10":{"start":{"line":11,"column":0},"end":{"line":11,"column":44}},"11":{"start":{"line":12,"column":0},"end":{"line":12,"column":27}},"12":{"start":{"line":13,"column":0},"end":{"line":13,"column":45}},"13":{"start":{"line":14,"column":0},"end":{"line":14,"column":5}},"14":{"start":{"line":15,"column":0},"end":{"line":15,"column":40}},"15":{"start":{"line":16,"column":0},"end":{"line":16,"column":46}},"16":{"start":{"line":17,"column":0},"end":{"line":17,"column":1}},"17":{"start":{"line":18,"column":0},"end":{"line":18,"column":0}},"18":{"start":{"line":19,"column":0},"end":{"line":19,"column":51}}},"s":{"0":1,"1":1,"2":1,"3":1,"4":1,"5":1,"6":1,"7":1,"8":1,"9":1,"10":1,"11":1,"12":1,"13":1,"14":1,"15":1,"16":1,"17":1,"18":1},"branchMap":{"0":{"type":"branch","line":1,"loc":{"start":{"line":1,"column":0},"end":{"line":19,"column":51}},"locations":[{"start":{"line":1,"column":0},"end":{"line":19,"column":51}}]},"1":{"type":"branch","line":8,"loc":{"start":{"line":8,"column":0},"end":{"line":17,"column":1}},"locations":[{"start":{"line":8,"column":0},"end":{"line":17,"column":1}}]},"2":{"type":"branch","line":8,"loc":{"start":{"line":8,"column":100},"end":{"line":8,"column":112}},"locations":[{"start":{"line":8,"column":100},"end":{"line":8,"column":112}}]}},"b":{"0":[1],"1":[1],"2":[0]},"fnMap":{"0":{"name":"createPlayabilityAutoFixChain","decl":{"start":{"line":8,"column":0},"end":{"line":17,"column":1}},"loc":{"start":{"line":8,"column":0},"end":{"line":17,"column":1}},"line":8}},"f":{"0":1}},"/Users/florian/Sources/game-agent-v2/server/agents/chains/PlayabilityValidatorChain.js":{"path":"/Users/florian/Sources/game-agent-v2/server/agents/chains/PlayabilityValidatorChain.js","all":false,"statementMap":{"0":{"start":{"line":1,"column":0},"end":{"line":1,"column":34}},"1":{"start":{"line":2,"column":0},"end":{"line":2,"column":29}},"2":{"start":{"line":3,"column":0},"end":{"line":3,"column":62}},"3":{"start":{"line":4,"column":0},"end":{"line":4,"column":71}},"4":{"start":{"line":5,"column":0},"end":{"line":5,"column":52}},"5":{"start":{"line":6,"column":0},"end":{"line":6,"column":0}},"6":{"start":{"line":7,"column":0},"end":{"line":7,"column":46}},"7":{"start":{"line":8,"column":0},"end":{"line":8,"column":136}},"8":{"start":{"line":9,"column":0},"end":{"line":9,"column":92}},"9":{"start":{"line":10,"column":0},"end":{"line":10,"column":61}},"10":{"start":{"line":11,"column":0},"end":{"line":11,"column":48}},"11":{"start":{"line":12,"column":0},"end":{"line":12,"column":27}},"12":{"start":{"line":13,"column":0},"end":{"line":13,"column":49}},"13":{"start":{"line":14,"column":0},"end":{"line":14,"column":5}},"14":{"start":{"line":15,"column":0},"end":{"line":15,"column":40}},"15":{"start":{"line":16,"column":0},"end":{"line":16,"column":50}},"16":{"start":{"line":17,"column":0},"end":{"line":17,"column":1}},"17":{"start":{"line":18,"column":0},"end":{"line":18,"column":0}},"18":{"start":{"line":19,"column":0},"end":{"line":19,"column":53}}},"s":{"0":1,"1":1,"2":1,"3":1,"4":1,"5":1,"6":1,"7":1,"8":1,"9":1,"10":1,"11":1,"12":1,"13":1,"14":1,"15":1,"16":1,"17":1,"18":1},"branchMap":{"0":{"type":"branch","line":1,"loc":{"start":{"line":1,"column":0},"end":{"line":19,"column":53}},"locations":[{"start":{"line":1,"column":0},"end":{"line":19,"column":53}}]},"1":{"type":"branch","line":8,"loc":{"start":{"line":8,"column":0},"end":{"line":17,"column":1}},"locations":[{"start":{"line":8,"column":0},"end":{"line":17,"column":1}}]},"2":{"type":"branch","line":8,"loc":{"start":{"line":8,"column":102},"end":{"line":8,"column":114}},"locations":[{"start":{"line":8,"column":102},"end":{"line":8,"column":114}}]}},"b":{"0":[1],"1":[1],"2":[0]},"fnMap":{"0":{"name":"createPlayabilityValidatorChain","decl":{"start":{"line":8,"column":0},"end":{"line":17,"column":1}},"loc":{"start":{"line":8,"column":0},"end":{"line":17,"column":1}},"line":8}},"f":{"0":1}},"/Users/florian/Sources/game-agent-v2/server/agents/prompts/ContextStepBuilderChain.prompt.js":{"path":"/Users/florian/Sources/game-agent-v2/server/agents/prompts/ContextStepBuilderChain.prompt.js","all":false,"statementMap":{"0":{"start":{"line":1,"column":0},"end":{"line":1,"column":123}},"1":{"start":{"line":2,"column":0},"end":{"line":2,"column":0}},"2":{"start":{"line":3,"column":0},"end":{"line":3,"column":24}},"3":{"start":{"line":4,"column":0},"end":{"line":4,"column":105}},"4":{"start":{"line":5,"column":0},"end":{"line":5,"column":0}},"5":{"start":{"line":6,"column":0},"end":{"line":6,"column":36}},"6":{"start":{"line":7,"column":0},"end":{"line":7,"column":59}},"7":{"start":{"line":8,"column":0},"end":{"line":8,"column":61}},"8":{"start":{"line":9,"column":0},"end":{"line":9,"column":9}},"9":{"start":{"line":10,"column":0},"end":{"line":10,"column":0}},"10":{"start":{"line":11,"column":0},"end":{"line":11,"column":23}},"11":{"start":{"line":12,"column":0},"end":{"line":12,"column":23}},"12":{"start":{"line":13,"column":0},"end":{"line":13,"column":12}},"13":{"start":{"line":14,"column":0},"end":{"line":14,"column":0}},"14":{"start":{"line":15,"column":0},"end":{"line":15,"column":11}},"15":{"start":{"line":16,"column":0},"end":{"line":16,"column":6}},"16":{"start":{"line":17,"column":0},"end":{"line":17,"column":0}},"17":{"start":{"line":18,"column":0},"end":{"line":18,"column":13}},"18":{"start":{"line":19,"column":0},"end":{"line":19,"column":6}},"19":{"start":{"line":20,"column":0},"end":{"line":20,"column":9}},"20":{"start":{"line":21,"column":0},"end":{"line":21,"column":0}},"21":{"start":{"line":22,"column":0},"end":{"line":22,"column":48}},"22":{"start":{"line":23,"column":0},"end":{"line":23,"column":59}},"23":{"start":{"line":24,"column":0},"end":{"line":24,"column":56}},"24":{"start":{"line":25,"column":0},"end":{"line":25,"column":3}},"25":{"start":{"line":26,"column":0},"end":{"line":26,"column":0}},"26":{"start":{"line":27,"column":0},"end":{"line":27,"column":24}}},"s":{"0":1,"1":1,"2":1,"3":1,"4":1,"5":1,"6":1,"7":1,"8":1,"9":1,"10":1,"11":1,"12":1,"13":1,"14":1,"15":1,"16":1,"17":1,"18":1,"19":1,"20":1,"21":1,"22":1,"23":1,"24":1,"25":1,"26":1},"branchMap":{"0":{"type":"branch","line":1,"loc":{"start":{"line":1,"column":0},"end":{"line":27,"column":24}},"locations":[{"start":{"line":1,"column":0},"end":{"line":27,"column":24}}]}},"b":{"0":[1]},"fnMap":{},"f":{}},"/Users/florian/Sources/game-agent-v2/server/types/SharedState.js":{"path":"/Users/florian/Sources/game-agent-v2/server/types/SharedState.js","all":false,"statementMap":{"0":{"start":{"line":1,"column":0},"end":{"line":1,"column":3}},"1":{"start":{"line":2,"column":0},"end":{"line":2,"column":35}},"2":{"start":{"line":3,"column":0},"end":{"line":3,"column":51}},"3":{"start":{"line":4,"column":0},"end":{"line":4,"column":63}},"4":{"start":{"line":5,"column":0},"end":{"line":5,"column":44}},"5":{"start":{"line":6,"column":0},"end":{"line":6,"column":3}},"6":{"start":{"line":7,"column":0},"end":{"line":7,"column":0}},"7":{"start":{"line":8,"column":0},"end":{"line":8,"column":3}},"8":{"start":{"line":9,"column":0},"end":{"line":9,"column":25}},"9":{"start":{"line":10,"column":0},"end":{"line":10,"column":57}},"10":{"start":{"line":11,"column":0},"end":{"line":11,"column":69}},"11":{"start":{"line":12,"column":0},"end":{"line":12,"column":80}},"12":{"start":{"line":13,"column":0},"end":{"line":13,"column":3}},"13":{"start":{"line":14,"column":0},"end":{"line":14,"column":0}},"14":{"start":{"line":15,"column":0},"end":{"line":15,"column":3}},"15":{"start":{"line":16,"column":0},"end":{"line":16,"column":26}},"16":{"start":{"line":17,"column":0},"end":{"line":17,"column":45}},"17":{"start":{"line":18,"column":0},"end":{"line":18,"column":42}},"18":{"start":{"line":19,"column":0},"end":{"line":19,"column":65}},"19":{"start":{"line":20,"column":0},"end":{"line":20,"column":3}},"20":{"start":{"line":21,"column":0},"end":{"line":21,"column":0}},"21":{"start":{"line":22,"column":0},"end":{"line":22,"column":3}},"22":{"start":{"line":23,"column":0},"end":{"line":23,"column":35}},"23":{"start":{"line":24,"column":0},"end":{"line":24,"column":84}},"24":{"start":{"line":25,"column":0},"end":{"line":25,"column":58}},"25":{"start":{"line":26,"column":0},"end":{"line":26,"column":3}},"26":{"start":{"line":27,"column":0},"end":{"line":27,"column":0}},"27":{"start":{"line":28,"column":0},"end":{"line":28,"column":3}},"28":{"start":{"line":29,"column":0},"end":{"line":29,"column":29}},"29":{"start":{"line":30,"column":0},"end":{"line":30,"column":57}},"30":{"start":{"line":31,"column":0},"end":{"line":31,"column":50}},"31":{"start":{"line":32,"column":0},"end":{"line":32,"column":3}},"32":{"start":{"line":33,"column":0},"end":{"line":33,"column":0}},"33":{"start":{"line":34,"column":0},"end":{"line":34,"column":66}},"34":{"start":{"line":35,"column":0},"end":{"line":35,"column":29}},"35":{"start":{"line":36,"column":0},"end":{"line":36,"column":0}},"36":{"start":{"line":37,"column":0},"end":{"line":37,"column":33}},"37":{"start":{"line":38,"column":0},"end":{"line":38,"column":22}},"38":{"start":{"line":39,"column":0},"end":{"line":39,"column":22}},"39":{"start":{"line":40,"column":0},"end":{"line":40,"column":3}},"40":{"start":{"line":41,"column":0},"end":{"line":41,"column":0}},"41":{"start":{"line":42,"column":0},"end":{"line":42,"column":36}},"42":{"start":{"line":43,"column":0},"end":{"line":43,"column":19}},"43":{"start":{"line":44,"column":0},"end":{"line":44,"column":26}},"44":{"start":{"line":45,"column":0},"end":{"line":45,"column":30}},"45":{"start":{"line":46,"column":0},"end":{"line":46,"column":25}},"46":{"start":{"line":47,"column":0},"end":{"line":47,"column":34}},"47":{"start":{"line":48,"column":0},"end":{"line":48,"column":26}},"48":{"start":{"line":49,"column":0},"end":{"line":49,"column":27}},"49":{"start":{"line":50,"column":0},"end":{"line":50,"column":26}},"50":{"start":{"line":51,"column":0},"end":{"line":51,"column":27}},"51":{"start":{"line":52,"column":0},"end":{"line":52,"column":25}},"52":{"start":{"line":53,"column":0},"end":{"line":53,"column":35}},"53":{"start":{"line":54,"column":0},"end":{"line":54,"column":31}},"54":{"start":{"line":55,"column":0},"end":{"line":55,"column":24}},"55":{"start":{"line":56,"column":0},"end":{"line":56,"column":3}},"56":{"start":{"line":57,"column":0},"end":{"line":57,"column":0}},"57":{"start":{"line":58,"column":0},"end":{"line":58,"column":3}},"58":{"start":{"line":59,"column":0},"end":{"line":59,"column":74}},"59":{"start":{"line":60,"column":0},"end":{"line":60,"column":25}},"60":{"start":{"line":61,"column":0},"end":{"line":61,"column":3}},"61":{"start":{"line":62,"column":0},"end":{"line":62,"column":39}},"62":{"start":{"line":63,"column":0},"end":{"line":63,"column":34}},"63":{"start":{"line":64,"column":0},"end":{"line":64,"column":13}},"64":{"start":{"line":65,"column":0},"end":{"line":65,"column":20}},"65":{"start":{"line":66,"column":0},"end":{"line":66,"column":18}},"66":{"start":{"line":67,"column":0},"end":{"line":67,"column":13}},"67":{"start":{"line":68,"column":0},"end":{"line":68,"column":22}},"68":{"start":{"line":69,"column":0},"end":{"line":69,"column":20}},"69":{"start":{"line":70,"column":0},"end":{"line":70,"column":15}},"70":{"start":{"line":71,"column":0},"end":{"line":71,"column":23}},"71":{"start":{"line":72,"column":0},"end":{"line":72,"column":15}},"72":{"start":{"line":73,"column":0},"end":{"line":73,"column":28}},"73":{"start":{"line":74,"column":0},"end":{"line":74,"column":28}},"74":{"start":{"line":75,"column":0},"end":{"line":75,"column":6}},"75":{"start":{"line":76,"column":0},"end":{"line":76,"column":19}},"76":{"start":{"line":77,"column":0},"end":{"line":77,"column":23}},"77":{"start":{"line":78,"column":0},"end":{"line":78,"column":19}},"78":{"start":{"line":79,"column":0},"end":{"line":79,"column":18}},"79":{"start":{"line":80,"column":0},"end":{"line":80,"column":11}},"80":{"start":{"line":81,"column":0},"end":{"line":81,"column":5}},"81":{"start":{"line":82,"column":0},"end":{"line":82,"column":1}},"82":{"start":{"line":83,"column":0},"end":{"line":83,"column":0}},"83":{"start":{"line":84,"column":0},"end":{"line":84,"column":3}},"84":{"start":{"line":85,"column":0},"end":{"line":85,"column":80}},"85":{"start":{"line":86,"column":0},"end":{"line":86,"column":25}},"86":{"start":{"line":87,"column":0},"end":{"line":87,"column":25}},"87":{"start":{"line":88,"column":0},"end":{"line":88,"column":3}},"88":{"start":{"line":89,"column":0},"end":{"line":89,"column":35}},"89":{"start":{"line":90,"column":0},"end":{"line":90,"column":41}},"90":{"start":{"line":91,"column":0},"end":{"line":91,"column":1}},"91":{"start":{"line":92,"column":0},"end":{"line":92,"column":0}},"92":{"start":{"line":93,"column":0},"end":{"line":93,"column":18}},"93":{"start":{"line":94,"column":0},"end":{"line":94,"column":20}},"94":{"start":{"line":95,"column":0},"end":{"line":95,"column":20}},"95":{"start":{"line":96,"column":0},"end":{"line":96,"column":18}},"96":{"start":{"line":97,"column":0},"end":{"line":97,"column":2}}},"s":{"0":1,"1":1,"2":1,"3":1,"4":1,"5":1,"6":1,"7":1,"8":1,"9":1,"10":1,"11":1,"12":1,"13":1,"14":1,"15":1,"16":1,"17":1,"18":1,"19":1,"20":1,"21":1,"22":1,"23":1,"24":1,"25":1,"26":1,"27":1,"28":1,"29":1,"30":1,"31":1,"32":1,"33":1,"34":1,"35":1,"36":1,"37":1,"38":1,"39":1,"40":1,"41":1,"42":1,"43":1,"44":1,"45":1,"46":1,"47":1,"48":1,"49":1,"50":1,"51":1,"52":1,"53":1,"54":1,"55":1,"56":1,"57":1,"58":1,"59":1,"60":1,"61":4,"62":4,"63":4,"64":4,"65":4,"66":4,"67":4,"68":4,"69":4,"70":4,"71":4,"72":4,"73":4,"74":4,"75":4,"76":4,"77":4,"78":4,"79":4,"80":4,"81":4,"82":1,"83":1,"84":1,"85":1,"86":1,"87":1,"88":0,"89":0,"90":0,"91":1,"92":1,"93":1,"94":1,"95":1,"96":1},"branchMap":{"0":{"type":"branch","line":1,"loc":{"start":{"line":1,"column":0},"end":{"line":97,"column":2}},"locations":[{"start":{"line":1,"column":0},"end":{"line":97,"column":2}}]},"1":{"type":"branch","line":62,"loc":{"start":{"line":62,"column":0},"end":{"line":82,"column":1}},"locations":[{"start":{"line":62,"column":0},"end":{"line":82,"column":1}}]}},"b":{"0":[1],"1":[4]},"fnMap":{"0":{"name":"createSharedState","decl":{"start":{"line":62,"column":0},"end":{"line":82,"column":1}},"loc":{"start":{"line":62,"column":0},"end":{"line":82,"column":1}},"line":62},"1":{"name":"parseSharedState","decl":{"start":{"line":89,"column":0},"end":{"line":91,"column":1}},"loc":{"start":{"line":89,"column":0},"end":{"line":91,"column":1}},"line":89}},"f":{"0":4,"1":0}},"/Users/florian/Sources/game-agent-v2/server/utils/formatter.js":{"path":"/Users/florian/Sources/game-agent-v2/server/utils/formatter.js","all":false,"statementMap":{"0":{"start":{"line":1,"column":0},"end":{"line":1,"column":37}},"1":{"start":{"line":2,"column":0},"end":{"line":2,"column":0}},"2":{"start":{"line":3,"column":0},"end":{"line":3,"column":127}},"3":{"start":{"line":4,"column":0},"end":{"line":4,"column":0}},"4":{"start":{"line":5,"column":0},"end":{"line":5,"column":34}},"5":{"start":{"line":6,"column":0},"end":{"line":6,"column":24}},"6":{"start":{"line":7,"column":0},"end":{"line":7,"column":14}},"7":{"start":{"line":8,"column":0},"end":{"line":8,"column":23}},"8":{"start":{"line":9,"column":0},"end":{"line":9,"column":82}},"9":{"start":{"line":10,"column":0},"end":{"line":10,"column":36}},"10":{"start":{"line":11,"column":0},"end":{"line":11,"column":7}},"11":{"start":{"line":12,"column":0},"end":{"line":12,"column":5}},"12":{"start":{"line":13,"column":0},"end":{"line":13,"column":5}},"13":{"start":{"line":14,"column":0},"end":{"line":14,"column":30}},"14":{"start":{"line":15,"column":0},"end":{"line":15,"column":42}},"15":{"start":{"line":16,"column":0},"end":{"line":16,"column":3}},"16":{"start":{"line":17,"column":0},"end":{"line":17,"column":19}},"17":{"start":{"line":18,"column":0},"end":{"line":18,"column":1}},"18":{"start":{"line":19,"column":0},"end":{"line":19,"column":0}},"19":{"start":{"line":20,"column":0},"end":{"line":20,"column":81}},"20":{"start":{"line":21,"column":0},"end":{"line":21,"column":37}},"21":{"start":{"line":22,"column":0},"end":{"line":22,"column":48}},"22":{"start":{"line":23,"column":0},"end":{"line":23,"column":59}},"23":{"start":{"line":24,"column":0},"end":{"line":24,"column":18}},"24":{"start":{"line":25,"column":0},"end":{"line":25,"column":9}},"25":{"start":{"line":26,"column":0},"end":{"line":26,"column":38}},"26":{"start":{"line":27,"column":0},"end":{"line":27,"column":14}},"27":{"start":{"line":28,"column":0},"end":{"line":28,"column":3}},"28":{"start":{"line":29,"column":0},"end":{"line":29,"column":40}},"29":{"start":{"line":30,"column":0},"end":{"line":30,"column":63}},"30":{"start":{"line":31,"column":0},"end":{"line":31,"column":18}},"31":{"start":{"line":32,"column":0},"end":{"line":32,"column":9}},"32":{"start":{"line":33,"column":0},"end":{"line":33,"column":38}},"33":{"start":{"line":34,"column":0},"end":{"line":34,"column":14}},"34":{"start":{"line":35,"column":0},"end":{"line":35,"column":3}},"35":{"start":{"line":36,"column":0},"end":{"line":36,"column":44}},"36":{"start":{"line":37,"column":0},"end":{"line":37,"column":45}},"37":{"start":{"line":38,"column":0},"end":{"line":38,"column":17}},"38":{"start":{"line":39,"column":0},"end":{"line":39,"column":9}},"39":{"start":{"line":40,"column":0},"end":{"line":40,"column":37}},"40":{"start":{"line":41,"column":0},"end":{"line":41,"column":14}},"41":{"start":{"line":42,"column":0},"end":{"line":42,"column":3}},"42":{"start":{"line":43,"column":0},"end":{"line":43,"column":62}},"43":{"start":{"line":44,"column":0},"end":{"line":44,"column":1}},"44":{"start":{"line":45,"column":0},"end":{"line":45,"column":0}},"45":{"start":{"line":46,"column":0},"end":{"line":46,"column":63}}},"s":{"0":1,"1":1,"2":1,"3":1,"4":0,"5":0,"6":0,"7":0,"8":0,"9":0,"10":0,"11":0,"12":0,"13":0,"14":0,"15":0,"16":0,"17":0,"18":1,"19":1,"20":1,"21":1,"22":1,"23":1,"24":0,"25":0,"26":0,"27":0,"28":1,"29":1,"30":1,"31":0,"32":0,"33":0,"34":0,"35":1,"36":1,"37":1,"38":1,"39":1,"40":1,"41":1,"42":0,"43":1,"44":1,"45":1},"branchMap":{"0":{"type":"branch","line":1,"loc":{"start":{"line":1,"column":0},"end":{"line":46,"column":63}},"locations":[{"start":{"line":1,"column":0},"end":{"line":46,"column":63}}]},"1":{"type":"branch","line":21,"loc":{"start":{"line":21,"column":0},"end":{"line":44,"column":1}},"locations":[{"start":{"line":21,"column":0},"end":{"line":44,"column":1}}]},"2":{"type":"branch","line":24,"loc":{"start":{"line":24,"column":17},"end":{"line":28,"column":3}},"locations":[{"start":{"line":24,"column":17},"end":{"line":28,"column":3}}]},"3":{"type":"branch","line":31,"loc":{"start":{"line":31,"column":17},"end":{"line":35,"column":3}},"locations":[{"start":{"line":31,"column":17},"end":{"line":35,"column":3}}]},"4":{"type":"branch","line":41,"loc":{"start":{"line":41,"column":6},"end":{"line":41,"column":14}},"locations":[{"start":{"line":41,"column":6},"end":{"line":41,"column":14}}]},"5":{"type":"branch","line":43,"loc":{"start":{"line":43,"column":-1},"end":{"line":44,"column":0}},"locations":[{"start":{"line":43,"column":-1},"end":{"line":44,"column":0}}]}},"b":{"0":[1],"1":[1],"2":[0],"3":[0],"4":[0],"5":[0]},"fnMap":{"0":{"name":"extractJsCodeBlocks","decl":{"start":{"line":5,"column":0},"end":{"line":18,"column":1}},"loc":{"start":{"line":5,"column":0},"end":{"line":18,"column":1}},"line":5},"1":{"name":"extractJsonCodeBlock","decl":{"start":{"line":21,"column":0},"end":{"line":44,"column":1}},"loc":{"start":{"line":21,"column":0},"end":{"line":44,"column":1}},"line":21}},"f":{"0":0,"1":1}}}}
