TN:
SF:index.js
FN:36,(anonymous_0)
FN:41,sendStep
FN:50,(anonymous_2)
FN:60,(anonymous_3)
FN:65,(anonymous_4)
FN:71,(anonymous_5)
FN:85,(anonymous_6)
FN:90,(anonymous_7)
FNF:8
FNH:1
FNDA:0,(anonymous_0)
FNDA:0,sendStep
FNDA:0,(anonymous_2)
FNDA:0,(anonymous_3)
FNDA:0,(anonymous_4)
FNDA:0,(anonymous_5)
FNDA:0,(anonymous_6)
FNDA:2,(anonymous_7)
DA:1,2
DA:2,2
DA:3,2
DA:4,2
DA:5,2
DA:6,2
DA:8,2
DA:9,2
DA:11,2
DA:12,2
DA:14,2
DA:15,2
DA:16,2
DA:17,2
DA:20,2
DA:22,2
DA:23,2
DA:26,2
DA:27,0
DA:31,2
DA:32,0
DA:36,2
DA:37,0
DA:38,0
DA:39,0
DA:40,0
DA:42,0
DA:45,0
DA:46,0
DA:47,0
DA:49,0
DA:50,0
DA:51,0
DA:53,0
DA:54,0
DA:55,0
DA:60,2
DA:61,0
DA:65,2
DA:66,0
DA:67,0
DA:71,2
DA:72,0
DA:73,0
DA:74,0
DA:75,0
DA:76,0
DA:77,0
DA:78,0
DA:80,0
DA:81,0
DA:85,2
DA:86,0
DA:90,2
DA:91,2
DA:92,2
DA:93,0
DA:95,2
DA:96,2
DA:97,2
DA:99,0
DA:100,0
DA:105,2
LF:63
LH:31
BRDA:12,0,0,2
BRDA:12,0,1,2
BRDA:26,1,0,0
BRDA:26,1,1,2
BRDA:31,2,0,0
BRDA:31,2,1,2
BRDA:41,3,0,0
BRDA:45,4,0,0
BRDA:45,4,1,0
BRDA:46,5,0,0
BRDA:46,5,1,0
BRDA:76,6,0,0
BRDA:76,6,1,0
BRDA:91,7,0,2
BRDA:91,7,1,2
BRDA:92,8,0,0
BRDA:92,8,1,2
BRF:17
BRH:7
end_of_record
TN:
SF:agents/BlockInserterAgent.js
FN:17,BlockInserterAgent
FNF:1
FNH:1
FNDA:9,BlockInserterAgent
DA:1,1
DA:2,1
DA:18,9
DA:19,9
DA:21,9
DA:24,7
DA:25,7
DA:27,2
DA:28,2
DA:32,1
LF:10
LH:10
BRF:0
BRH:0
end_of_record
TN:
SF:agents/FeedbackAgent.js
FN:13,FeedbackAgent
FNF:1
FNH:1
FNDA:1,FeedbackAgent
DA:1,1
DA:2,1
DA:14,1
DA:15,1
DA:16,1
DA:18,1
DA:19,1
DA:20,1
DA:23,1
DA:24,1
DA:25,1
DA:27,0
DA:30,0
DA:31,0
DA:32,0
DA:35,0
DA:36,0
DA:40,1
LF:18
LH:12
BRDA:16,0,0,1
BRDA:16,0,1,0
BRDA:24,1,0,1
BRDA:24,1,1,0
BRDA:30,2,0,0
BRDA:30,2,1,0
BRF:6
BRH:2
end_of_record
TN:
SF:agents/GameDesignAgent.js
FN:21,GameDesignAgent
FNF:1
FNH:1
FNDA:1,GameDesignAgent
DA:17,1
DA:18,1
DA:19,1
DA:22,1
DA:23,1
DA:25,1
DA:26,1
DA:29,1
DA:30,0
DA:31,0
DA:35,1
DA:39,1
DA:40,1
DA:43,1
DA:44,1
DA:45,0
DA:46,0
DA:49,1
DA:51,0
DA:52,0
DA:56,1
LF:21
LH:15
BRDA:29,0,0,0
BRDA:29,0,1,1
BRDA:44,1,0,0
BRDA:44,1,1,1
BRDA:44,2,0,1
BRDA:44,2,1,1
BRDA:44,2,2,1
BRDA:44,2,3,1
BRDA:44,2,4,1
BRF:9
BRH:7
end_of_record
TN:
SF:agents/RuntimePlayabilityAgent.js
FN:22,RuntimePlayabilityAgent
FN:39,(anonymous_1)
FN:41,(anonymous_2)
FN:47,(anonymous_3)
FN:53,(anonymous_4)
FN:54,(anonymous_5)
FN:63,(anonymous_6)
FN:77,(anonymous_7)
FN:85,(anonymous_8)
FN:88,(anonymous_9)
FN:107,(anonymous_10)
FN:109,(anonymous_11)
FN:112,(anonymous_12)
FN:117,(anonymous_13)
FN:139,(anonymous_14)
FN:140,(anonymous_15)
FNF:16
FNH:2
FNDA:4,RuntimePlayabilityAgent
FNDA:4,(anonymous_1)
FNDA:0,(anonymous_2)
FNDA:0,(anonymous_3)
FNDA:0,(anonymous_4)
FNDA:0,(anonymous_5)
FNDA:0,(anonymous_6)
FNDA:0,(anonymous_7)
FNDA:0,(anonymous_8)
FNDA:0,(anonymous_9)
FNDA:0,(anonymous_10)
FNDA:0,(anonymous_11)
FNDA:0,(anonymous_12)
FNDA:0,(anonymous_13)
FNDA:0,(anonymous_14)
FNDA:0,(anonymous_15)
DA:1,1
DA:2,1
DA:3,1
DA:4,1
DA:23,4
DA:27,4
DA:29,4
DA:30,4
DA:31,4
DA:33,4
DA:34,4
DA:35,4
DA:37,4
DA:39,4
DA:41,4
DA:44,0
DA:45,0
DA:47,0
DA:48,0
DA:49,0
DA:50,0
DA:52,0
DA:53,0
DA:54,0
DA:55,0
DA:56,0
DA:57,0
DA:59,0
DA:60,0
DA:63,0
DA:64,0
DA:67,0
DA:70,0
DA:74,0
DA:75,0
DA:77,0
DA:78,0
DA:79,0
DA:81,0
DA:84,0
DA:85,0
DA:86,0
DA:88,0
DA:89,0
DA:90,0
DA:92,0
DA:94,0
DA:95,0
DA:98,0
DA:102,0
DA:103,0
DA:105,0
DA:106,0
DA:107,0
DA:108,0
DA:109,0
DA:112,0
DA:113,0
DA:115,0
DA:116,0
DA:117,0
DA:120,0
DA:123,0
DA:130,4
DA:131,4
DA:139,4
DA:140,4
DA:141,4
DA:145,1
LF:69
LH:21
BRDA:48,0,0,0
BRDA:48,0,1,0
BRDA:49,1,0,0
BRDA:49,1,1,0
BRDA:55,2,0,0
BRDA:55,2,1,0
BRDA:56,3,0,0
BRDA:56,3,1,0
BRDA:59,4,0,0
BRDA:59,4,1,0
BRDA:59,5,0,0
BRDA:59,5,1,0
BRDA:64,6,0,0
BRDA:64,6,1,0
BRDA:78,7,0,0
BRDA:78,7,1,0
BRDA:78,8,0,0
BRDA:78,8,1,0
BRDA:78,8,2,0
BRDA:89,9,0,0
BRDA:89,9,1,0
BRDA:89,10,0,0
BRDA:89,10,1,0
BRDA:89,10,2,0
BRDA:94,11,0,0
BRDA:94,11,1,0
BRDA:94,12,0,0
BRDA:94,12,1,0
BRDA:95,13,0,0
BRDA:95,13,1,0
BRDA:113,14,0,0
BRDA:113,14,1,0
BRDA:113,15,0,0
BRDA:113,15,1,0
BRDA:139,16,0,4
BRDA:139,16,1,0
BRDA:140,17,0,4
BRDA:140,17,1,0
BRDA:141,18,0,4
BRDA:141,18,1,0
BRDA:141,19,0,4
BRDA:141,19,1,4
BRF:42
BRH:5
end_of_record
TN:
SF:agents/StaticCheckerAgent.js
FN:17,StaticCheckerAgent
FN:39,declare
FN:47,isDeclared
FN:57,walk
FNF:4
FNH:4
FNDA:4,StaticCheckerAgent
FNDA:4,declare
FNDA:2,isDeclared
FNDA:16,walk
DA:1,1
DA:18,4
DA:19,4
DA:20,4
DA:22,4
DA:23,4
DA:25,1
DA:26,1
DA:29,3
DA:35,3
DA:36,3
DA:37,3
DA:38,3
DA:40,4
DA:41,1
DA:43,3
DA:44,3
DA:48,2
DA:49,1
DA:50,1
DA:52,1
DA:54,3
DA:55,3
DA:58,16
DA:59,16
DA:61,0
DA:62,0
DA:64,0
DA:66,4
DA:67,4
DA:68,4
DA:69,0
DA:71,4
DA:72,4
DA:73,4
DA:75,4
DA:76,4
DA:77,4
DA:78,4
DA:80,2
DA:81,2
DA:83,1
DA:84,1
DA:86,1
DA:87,1
DA:88,1
DA:91,0
DA:92,0
DA:93,0
DA:95,0
DA:96,0
DA:97,0
DA:99,0
DA:100,0
DA:102,0
DA:103,0
DA:104,0
DA:105,0
DA:107,0
DA:108,0
DA:109,0
DA:110,0
DA:111,0
DA:113,0
DA:114,0
DA:115,0
DA:117,1
DA:118,1
DA:119,1
DA:122,3
DA:123,27
DA:124,6
DA:125,21
DA:126,0
DA:131,3
DA:132,3
DA:133,1
DA:135,3
DA:136,1
DA:138,3
DA:141,1
LF:81
LH:56
BRDA:40,0,0,1
BRDA:40,0,1,3
BRDA:48,1,0,1
BRDA:48,1,1,1
BRDA:50,2,0,0
BRDA:50,2,1,1
BRDA:54,3,0,3
BRDA:54,3,1,0
BRDA:55,4,0,3
BRDA:55,4,1,0
BRDA:58,5,0,0
BRDA:58,5,1,16
BRDA:59,6,0,0
BRDA:59,6,1,4
BRDA:59,6,2,4
BRDA:59,6,3,2
BRDA:59,6,4,1
BRDA:59,6,5,1
BRDA:59,6,6,0
BRDA:59,6,7,0
BRDA:59,6,8,0
BRDA:59,6,9,0
BRDA:59,6,10,0
BRDA:59,6,11,0
BRDA:59,6,12,0
BRDA:59,6,13,1
BRDA:59,6,14,3
BRDA:62,7,0,0
BRDA:62,7,1,0
BRDA:62,8,0,0
BRDA:62,8,1,0
BRDA:66,9,0,4
BRDA:66,9,1,0
BRDA:66,10,0,4
BRDA:66,10,1,4
BRDA:69,11,0,0
BRDA:69,11,1,0
BRDA:80,12,0,1
BRDA:80,12,1,1
BRDA:104,13,0,0
BRDA:104,13,1,0
BRDA:118,14,0,0
BRDA:118,14,1,1
BRDA:118,15,0,1
BRDA:118,15,1,1
BRDA:123,16,0,6
BRDA:123,16,1,21
BRDA:124,17,0,5
BRDA:124,17,1,0
BRDA:124,18,0,5
BRDA:124,18,1,5
BRDA:125,19,0,0
BRDA:125,19,1,21
BRDA:125,20,0,21
BRDA:125,20,1,15
BRDA:125,20,2,3
BRDA:132,21,0,1
BRDA:132,21,1,2
BRDA:135,22,0,1
BRDA:135,22,1,2
BRF:60
BRH:36
end_of_record
TN:
SF:agents/StepBuilderAgent.js
FN:20,StepBuilderAgent
FNF:1
FNH:1
FNDA:2,StepBuilderAgent
DA:1,1
DA:2,1
DA:3,1
DA:21,2
DA:22,2
DA:23,0
DA:24,0
DA:26,2
DA:27,2
DA:28,2
DA:29,2
DA:33,2
DA:34,2
DA:36,2
DA:37,2
DA:39,0
DA:40,0
DA:44,1
LF:18
LH:14
BRDA:22,0,0,0
BRDA:22,0,1,2
BRF:2
BRH:1
end_of_record
TN:
SF:agents/StepFixerAgent.js
FN:19,StepFixerAgent
FNF:1
FNH:1
FNDA:2,StepFixerAgent
DA:1,1
DA:2,1
DA:3,1
DA:20,2
DA:21,2
DA:22,0
DA:23,0
DA:25,2
DA:26,2
DA:27,2
DA:28,2
DA:32,2
DA:33,2
DA:35,2
DA:36,2
DA:38,0
DA:39,0
DA:43,1
LF:18
LH:14
BRDA:21,0,0,0
BRDA:21,0,1,2
BRF:2
BRH:1
end_of_record
TN:
SF:agents/SyntaxSanityAgent.js
FN:11,SyntaxSanityAgent
FNF:1
FNH:1
FNDA:4,SyntaxSanityAgent
DA:12,4
DA:13,4
DA:15,4
DA:16,3
DA:18,1
DA:19,1
DA:23,1
LF:7
LH:7
BRF:0
BRH:0
end_of_record
TN:
SF:code-merge-module/index.js
FN:10,mergeCode
FN:25,(anonymous_1)
FN:37,(anonymous_2)
FN:68,extractFunctions
FN:79,(anonymous_4)
FN:94,mergeFunctionBodies
FN:96,(anonymous_6)
FN:97,(anonymous_7)
FN:100,(anonymous_8)
FN:101,(anonymous_9)
FN:102,(anonymous_10)
FN:103,(anonymous_11)
FNF:12
FNH:12
FNDA:12,mergeCode
FNDA:7,(anonymous_1)
FNDA:13,(anonymous_2)
FNDA:24,extractFunctions
FNDA:6,(anonymous_4)
FNDA:7,mergeFunctionBodies
FNDA:17,(anonymous_6)
FNDA:15,(anonymous_7)
FNDA:10,(anonymous_8)
FNDA:8,(anonymous_9)
FNDA:10,(anonymous_10)
FNDA:8,(anonymous_11)
DA:1,2
DA:11,12
DA:13,12
DA:14,12
DA:17,12
DA:18,9
DA:20,7
DA:21,7
DA:22,7
DA:26,7
DA:31,2
DA:36,12
DA:37,13
DA:41,12
DA:42,12
DA:44,12
DA:45,12
DA:46,6
DA:47,4
DA:51,10
DA:56,10
DA:58,2
DA:59,2
DA:69,24
DA:70,24
DA:73,24
DA:74,20
DA:75,20
DA:76,20
DA:80,6
DA:85,24
DA:96,17
DA:97,15
DA:100,10
DA:101,8
DA:102,10
DA:103,8
DA:106,7
DA:109,7
DA:110,7
DA:111,2
DA:115,7
DA:118,2
LF:43
LH:43
BRDA:10,0,0,12
BRDA:18,1,0,7
BRDA:18,1,1,2
BRDA:45,2,0,6
BRDA:45,2,1,6
BRDA:45,3,0,12
BRDA:45,3,1,8
BRDA:47,4,0,4
BRDA:47,4,1,0
BRDA:110,5,0,2
BRDA:110,5,1,5
BRF:11
BRH:10
end_of_record
TN:
SF:mocks/MockOpenAI.js
FN:7,(anonymous_0)
FN:49,(anonymous_1)
FNF:2
FNH:1
FNDA:0,(anonymous_0)
FNDA:4,(anonymous_1)
DA:5,0
DA:8,0
DA:9,0
DA:11,0
DA:28,0
DA:50,4
DA:52,0
DA:60,4
DA:62,1
DA:70,3
DA:71,2
DA:73,1
DA:75,1
DA:80,0
DA:84,9
LF:15
LH:8
BRDA:9,0,0,0
BRDA:9,0,1,0
BRDA:50,1,0,0
BRDA:50,1,1,4
BRDA:50,2,0,4
BRDA:50,2,1,0
BRDA:60,3,0,1
BRDA:60,3,1,3
BRDA:60,4,0,4
BRDA:60,4,1,2
BRDA:70,5,0,2
BRDA:70,5,1,1
BRDA:73,6,0,1
BRDA:73,6,1,0
BRDA:73,7,0,1
BRDA:73,7,1,1
BRF:16
BRH:11
end_of_record
TN:
SF:utils/SmartOpenAI.js
FN:6,(anonymous_0)
FN:20,(anonymous_1)
FNF:2
FNH:0
FNDA:0,(anonymous_0)
FNDA:0,(anonymous_1)
DA:7,0
DA:21,0
DA:30,0
DA:32,0
DA:33,0
DA:35,0
DA:37,0
DA:39,0
DA:40,0
DA:41,0
DA:44,0
DA:45,0
DA:46,0
DA:47,0
DA:48,0
DA:50,0
DA:51,0
DA:54,0
DA:56,0
DA:59,0
DA:63,9
LF:21
LH:1
BRDA:20,0,0,0
BRDA:20,1,0,0
BRDA:20,2,0,0
BRDA:32,3,0,0
BRDA:32,3,1,0
BRDA:35,4,0,0
BRDA:35,4,1,0
BRDA:35,5,0,0
BRDA:35,5,1,0
BRDA:40,6,0,0
BRDA:40,6,1,0
BRDA:47,7,0,0
BRDA:47,7,1,0
BRDA:47,8,0,0
BRDA:47,8,1,0
BRDA:50,9,0,0
BRDA:50,9,1,0
BRDA:50,10,0,0
BRDA:50,10,1,0
BRF:19
BRH:0
end_of_record
TN:
SF:utils/formatter.js
FN:3,extractJsCodeBlocks
FN:6,(anonymous_1)
FNF:2
FNH:2
FNDA:4,extractJsCodeBlocks
FNDA:6,(anonymous_1)
DA:1,2
DA:4,4
DA:5,4
DA:7,6
DA:8,2
DA:12,4
DA:13,2
DA:15,2
DA:18,2
LF:9
LH:9
BRDA:7,0,0,2
BRDA:7,0,1,4
BRDA:7,1,0,6
BRDA:7,1,1,2
BRDA:7,1,2,2
BRDA:12,2,0,2
BRDA:12,2,1,2
BRF:7
BRH:7
end_of_record
