TN:
SF:server/index.js
FNF:0
FNH:0
DA:1,1
DA:2,1
DA:3,1
DA:4,1
DA:5,1
DA:6,1
DA:7,1
DA:8,1
DA:9,1
DA:10,1
DA:11,1
DA:12,1
DA:13,1
DA:14,1
DA:15,1
DA:16,1
DA:17,1
DA:18,1
DA:19,1
DA:20,1
DA:21,1
DA:22,1
DA:23,1
DA:24,1
DA:25,1
DA:26,1
DA:27,1
DA:28,1
DA:29,1
DA:30,1
DA:31,1
DA:32,1
DA:33,1
DA:34,1
DA:35,1
DA:36,1
DA:37,1
DA:38,0
DA:39,0
DA:40,1
DA:41,1
DA:42,1
DA:43,0
DA:44,0
DA:45,1
DA:46,1
DA:47,1
DA:48,0
DA:49,0
DA:50,0
DA:51,0
DA:52,0
DA:53,0
DA:54,0
DA:55,0
DA:56,0
DA:57,0
DA:58,0
DA:59,0
DA:60,0
DA:61,0
DA:62,0
DA:63,0
DA:64,0
DA:65,0
DA:66,0
DA:67,0
DA:68,0
DA:69,0
DA:70,0
DA:71,0
DA:72,0
DA:73,0
DA:74,0
DA:75,0
DA:76,0
DA:77,0
DA:78,0
DA:79,0
DA:80,0
DA:81,0
DA:82,0
DA:83,0
DA:84,0
DA:85,0
DA:86,0
DA:87,0
DA:88,0
DA:89,0
DA:90,0
DA:91,0
DA:92,0
DA:93,0
DA:94,0
DA:95,0
DA:96,0
DA:97,0
DA:98,0
DA:99,0
DA:100,0
DA:101,0
DA:102,0
DA:103,0
DA:104,0
DA:105,0
DA:106,0
DA:107,0
DA:108,0
DA:109,0
DA:110,0
DA:111,0
DA:112,0
DA:113,0
DA:114,0
DA:115,0
DA:116,0
DA:117,0
DA:118,0
DA:119,0
DA:120,0
DA:121,0
DA:122,0
DA:123,0
DA:124,0
DA:125,0
DA:126,0
DA:127,0
DA:128,0
DA:129,0
DA:130,0
DA:131,0
DA:132,0
DA:133,0
DA:134,0
DA:135,0
DA:136,0
DA:137,0
DA:138,0
DA:139,0
DA:140,0
DA:141,0
DA:142,0
DA:143,0
DA:144,0
DA:145,0
DA:146,0
DA:147,0
DA:148,0
DA:149,0
DA:150,0
DA:151,0
DA:152,0
DA:153,0
DA:154,0
DA:155,0
DA:156,0
DA:157,0
DA:158,0
DA:159,0
DA:160,0
DA:161,0
DA:162,0
DA:163,0
DA:164,0
DA:165,0
DA:166,0
DA:167,0
DA:168,0
DA:169,0
DA:170,0
DA:171,0
DA:172,0
DA:173,0
DA:174,0
DA:175,0
DA:176,0
DA:177,0
DA:178,0
DA:179,0
DA:180,0
DA:181,1
DA:182,1
DA:183,1
DA:184,1
DA:185,0
DA:186,1
DA:187,1
DA:188,1
DA:189,1
DA:190,0
DA:191,0
DA:192,1
DA:193,1
DA:194,1
DA:195,1
DA:196,0
DA:197,0
DA:198,0
DA:199,0
DA:200,0
DA:201,0
DA:202,0
DA:203,0
DA:204,0
DA:205,0
DA:206,0
DA:207,1
DA:208,1
DA:209,1
DA:210,1
DA:211,0
DA:212,0
DA:213,0
DA:214,0
DA:215,0
DA:216,0
DA:217,0
DA:218,0
DA:219,0
DA:220,0
DA:221,1
DA:222,1
DA:223,1
DA:224,0
DA:225,1
DA:226,1
DA:227,1
DA:228,1
DA:229,2
DA:230,2
DA:231,0
DA:232,0
DA:233,2
DA:234,2
DA:235,1
DA:236,1
DA:237,1
DA:238,1
DA:239,1
DA:240,1
DA:241,1
DA:242,1
DA:243,1
LF:243
LH:79
BRDA:37,0,0,0
BRDA:42,1,0,0
BRDA:228,2,0,2
BRDA:230,3,0,0
BRDA:234,4,0,1
BRF:5
BRH:2
end_of_record
TN:
SF:server/agents/GameBuilderAgent.js
FN:16,GameBuilderAgent
FNF:1
FNH:0
FNDA:0,GameBuilderAgent
DA:1,1
DA:2,1
DA:3,1
DA:4,1
DA:5,1
DA:6,1
DA:7,1
DA:8,1
DA:9,1
DA:10,1
DA:11,1
DA:12,1
DA:13,1
DA:14,1
DA:15,1
DA:16,0
DA:17,0
DA:18,0
DA:19,0
DA:20,0
DA:21,0
DA:22,0
DA:23,0
DA:24,0
DA:25,0
DA:26,0
DA:27,0
DA:28,0
DA:29,0
DA:30,0
DA:31,0
DA:32,0
DA:33,0
DA:34,0
DA:35,0
DA:36,0
DA:37,0
DA:38,0
DA:39,0
DA:40,0
DA:41,0
DA:42,0
DA:43,0
DA:44,0
DA:45,0
DA:46,0
DA:47,0
DA:48,0
DA:49,0
DA:50,0
DA:51,0
DA:52,0
DA:53,0
DA:54,0
DA:55,0
DA:56,0
DA:57,0
DA:58,0
DA:59,0
DA:60,0
DA:61,0
DA:62,0
DA:63,0
DA:64,0
DA:65,0
DA:66,0
DA:67,0
DA:68,0
DA:69,0
DA:70,0
DA:71,0
DA:72,0
DA:73,0
DA:74,0
DA:75,0
DA:76,0
DA:77,0
DA:78,0
DA:79,0
DA:80,0
DA:81,0
DA:82,0
DA:83,0
DA:84,0
DA:85,0
DA:86,0
DA:87,0
DA:88,0
DA:89,1
DA:90,1
LF:90
LH:17
BRF:0
BRH:0
end_of_record
TN:
SF:server/agents/GameDesignerAgent.js
FN:7,GameDesignerAgent
FNF:1
FNH:0
FNDA:0,GameDesignerAgent
DA:1,1
DA:2,1
DA:3,1
DA:4,1
DA:5,1
DA:6,1
DA:7,0
DA:8,0
DA:9,0
DA:10,0
DA:11,0
DA:12,0
DA:13,0
DA:14,0
DA:15,0
DA:16,0
DA:17,0
DA:18,0
DA:19,0
DA:20,0
DA:21,0
DA:22,0
DA:23,0
DA:24,0
DA:25,0
DA:26,0
DA:27,0
DA:28,0
DA:29,0
DA:30,0
DA:31,1
DA:32,1
LF:32
LH:8
BRF:0
BRH:0
end_of_record
TN:
SF:server/agents/MechanicSynthesizerAgent.js
FN:5,MechanicSynthesizerAgent
FNF:1
FNH:0
FNDA:0,MechanicSynthesizerAgent
DA:1,1
DA:2,1
DA:3,1
DA:4,1
DA:5,0
DA:6,0
DA:7,0
DA:8,0
DA:9,0
DA:10,0
DA:11,0
DA:12,0
DA:13,0
DA:14,0
DA:15,0
DA:16,0
DA:17,0
DA:18,0
DA:19,0
DA:20,0
DA:21,0
DA:22,0
DA:23,0
DA:24,0
DA:25,0
DA:26,0
DA:27,0
DA:28,0
DA:29,0
DA:30,1
DA:31,1
LF:31
LH:6
BRF:0
BRH:0
end_of_record
TN:
SF:server/agents/PlannerAgent.js
FN:10,PlannerAgent
FNF:1
FNH:0
FNDA:0,PlannerAgent
DA:1,1
DA:2,1
DA:3,1
DA:4,1
DA:5,1
DA:6,1
DA:7,1
DA:8,1
DA:9,1
DA:10,0
DA:11,0
DA:12,0
DA:13,0
DA:14,0
DA:15,0
DA:16,0
DA:17,0
DA:18,0
DA:19,0
DA:20,0
DA:21,0
DA:22,0
DA:23,0
DA:24,0
DA:25,0
DA:26,0
DA:27,0
DA:28,0
DA:29,0
DA:30,0
DA:31,0
DA:32,0
DA:33,0
DA:34,0
DA:35,0
DA:36,0
DA:37,1
DA:38,1
LF:38
LH:11
BRF:0
BRH:0
end_of_record
TN:
SF:server/agents/SaveAgent.js
FN:9,SaveAgent
FNF:1
FNH:0
FNDA:0,SaveAgent
DA:1,1
DA:2,1
DA:3,1
DA:4,1
DA:5,1
DA:6,1
DA:7,1
DA:8,1
DA:9,0
DA:10,0
DA:11,0
DA:12,0
DA:13,0
DA:14,0
DA:15,0
DA:16,0
DA:17,0
DA:18,0
DA:19,0
DA:20,0
DA:21,0
DA:22,0
DA:23,0
DA:24,1
DA:25,1
LF:25
LH:10
BRF:0
BRH:0
end_of_record
TN:
SF:server/agents/code/AssemblerAgent.js
FN:1,AssemblerAgent
FNF:1
FNH:0
FNDA:0,AssemblerAgent
DA:1,0
DA:2,0
DA:3,0
DA:4,1
DA:5,1
LF:5
LH:2
BRF:0
BRH:0
end_of_record
TN:
SF:server/agents/code/DuplicateDeclarationChecker.js
FN:1,extractDeclaredNames
FN:7,DuplicateDeclarationChecker
FNF:2
FNH:0
FNDA:0,extractDeclaredNames
FNDA:0,DuplicateDeclarationChecker
DA:1,0
DA:2,0
DA:3,0
DA:4,0
DA:5,0
DA:6,1
DA:7,0
DA:8,0
DA:9,0
DA:10,0
DA:11,0
DA:12,0
DA:13,0
DA:14,0
DA:15,0
DA:16,0
DA:17,0
DA:18,1
DA:19,1
LF:19
LH:3
BRF:0
BRH:0
end_of_record
TN:
SF:server/agents/code/DuplicateFixerAgent.js
FN:7,DuplicateFixerAgent
FNF:1
FNH:0
FNDA:0,DuplicateFixerAgent
DA:1,1
DA:2,1
DA:3,1
DA:4,1
DA:5,1
DA:6,1
DA:7,0
DA:8,0
DA:9,0
DA:10,0
DA:11,0
DA:12,0
DA:13,0
DA:14,0
DA:15,0
DA:16,0
DA:17,0
DA:18,0
DA:19,0
DA:20,0
DA:21,0
DA:22,0
DA:23,0
DA:24,0
DA:25,0
DA:26,0
DA:27,0
DA:28,0
DA:29,1
DA:30,1
LF:30
LH:8
BRF:0
BRH:0
end_of_record
TN:
SF:server/agents/code/FinalTesterAgent.js
FN:1,FinalTesterAgent
FNF:1
FNH:0
FNDA:0,FinalTesterAgent
DA:1,0
DA:2,0
DA:3,0
DA:4,0
DA:5,0
DA:6,0
DA:7,0
DA:8,0
DA:9,0
DA:10,1
DA:11,1
LF:11
LH:2
BRF:0
BRH:0
end_of_record
TN:
SF:server/agents/code/LLMStaticCheckerAgent.js
FN:7,LLMStaticCheckerAgent
FNF:1
FNH:0
FNDA:0,LLMStaticCheckerAgent
DA:1,1
DA:2,1
DA:3,1
DA:4,1
DA:5,1
DA:6,1
DA:7,0
DA:8,0
DA:9,0
DA:10,0
DA:11,0
DA:12,0
DA:13,0
DA:14,0
DA:15,0
DA:16,0
DA:17,0
DA:18,0
DA:19,0
DA:20,0
DA:21,0
DA:22,0
DA:23,0
DA:24,0
DA:25,0
DA:26,0
DA:27,0
DA:28,0
DA:29,0
DA:30,1
DA:31,1
LF:31
LH:8
BRF:0
BRH:0
end_of_record
TN:
SF:server/agents/code/StepBuilderAgent.js
FN:7,StepBuilderAgent
FNF:1
FNH:0
FNDA:0,StepBuilderAgent
DA:1,1
DA:2,1
DA:3,1
DA:4,1
DA:5,1
DA:6,1
DA:7,0
DA:8,0
DA:9,0
DA:10,0
DA:11,0
DA:12,0
DA:13,0
DA:14,0
DA:15,0
DA:16,0
DA:17,0
DA:18,0
DA:19,0
DA:20,0
DA:21,0
DA:22,0
DA:23,0
DA:24,0
DA:25,0
DA:26,0
DA:27,0
DA:28,0
DA:29,1
DA:30,1
LF:30
LH:8
BRF:0
BRH:0
end_of_record
TN:
SF:server/agents/code/StepFixerAgent.js
FN:7,StepFixerAgent
FNF:1
FNH:0
FNDA:0,StepFixerAgent
DA:1,1
DA:2,1
DA:3,1
DA:4,1
DA:5,1
DA:6,1
DA:7,0
DA:8,0
DA:9,0
DA:10,0
DA:11,0
DA:12,0
DA:13,0
DA:14,0
DA:15,0
DA:16,0
DA:17,0
DA:18,0
DA:19,0
DA:20,0
DA:21,0
DA:22,0
DA:23,0
DA:24,0
DA:25,0
DA:26,0
DA:27,0
DA:28,0
DA:29,1
DA:30,1
LF:30
LH:8
BRF:0
BRH:0
end_of_record
TN:
SF:server/pipeline-v2/controller.js
FN:29,runPipeline
FNF:1
FNH:1
FNDA:2,runPipeline
DA:1,1
DA:2,1
DA:3,1
DA:4,1
DA:5,1
DA:6,1
DA:7,1
DA:8,1
DA:9,1
DA:10,1
DA:11,1
DA:12,1
DA:13,1
DA:14,1
DA:15,1
DA:16,1
DA:17,1
DA:18,1
DA:19,1
DA:20,1
DA:21,0
DA:22,0
DA:23,1
DA:24,1
DA:25,1
DA:26,1
DA:27,1
DA:28,1
DA:29,2
DA:30,2
DA:31,2
DA:32,2
DA:33,2
DA:34,2
DA:35,2
DA:36,2
DA:37,2
DA:38,2
DA:39,2
DA:40,2
DA:41,2
DA:42,2
DA:43,2
DA:44,13
DA:45,13
DA:46,13
DA:47,12
DA:48,12
DA:49,12
DA:50,12
DA:51,12
DA:52,13
DA:53,1
DA:54,1
DA:55,1
DA:56,12
DA:57,12
DA:58,12
DA:59,12
DA:60,1
DA:61,1
DA:62,1
DA:63,1
DA:64,1
DA:65,1
DA:66,1
DA:67,1
DA:68,1
DA:69,1
DA:70,1
DA:71,1
DA:72,1
DA:73,1
DA:74,1
DA:75,1
DA:76,1
DA:77,1
DA:78,1
DA:79,1
DA:80,1
DA:81,1
DA:82,1
DA:83,1
DA:84,1
DA:85,1
DA:86,2
DA:87,1
DA:88,1
LF:88
LH:86
BRDA:20,0,0,0
BRDA:29,1,0,2
BRDA:43,2,0,13
BRDA:46,3,0,12
BRDA:52,4,0,1
BRDA:55,5,0,12
BRDA:59,6,0,1
BRF:7
BRH:6
end_of_record
TN:
SF:server/pipeline-v2/agents/BlockInserterAgent.js
FN:17,BlockInserterAgent
FN:26,visitFunctionDeclaration
FNF:2
FNH:1
FNDA:14,BlockInserterAgent
FNDA:0,visitFunctionDeclaration
DA:1,1
DA:2,1
DA:3,1
DA:4,1
DA:5,1
DA:6,1
DA:7,1
DA:8,1
DA:9,1
DA:10,1
DA:11,1
DA:12,1
DA:13,1
DA:14,1
DA:15,1
DA:16,1
DA:17,14
DA:18,14
DA:19,14
DA:20,14
DA:21,14
DA:22,14
DA:23,14
DA:24,14
DA:25,14
DA:26,14
DA:27,0
DA:28,0
DA:29,0
DA:30,0
DA:31,0
DA:32,0
DA:33,0
DA:34,0
DA:35,0
DA:36,0
DA:37,0
DA:38,0
DA:39,0
DA:40,0
DA:41,0
DA:42,0
DA:43,0
DA:44,0
DA:45,0
DA:46,0
DA:47,0
DA:48,0
DA:49,0
DA:50,0
DA:51,0
DA:52,14
DA:53,14
DA:54,14
DA:55,13
DA:56,13
DA:57,13
DA:58,13
DA:59,13
DA:60,13
DA:61,14
DA:62,1
DA:63,1
DA:64,1
DA:65,1
DA:66,14
DA:67,1
DA:68,1
LF:68
LH:43
BRDA:17,0,0,14
BRDA:54,1,0,13
BRDA:61,2,0,1
BRF:3
BRH:3
end_of_record
TN:
SF:server/pipeline-v2/agents/FeedbackAgent.js
FN:11,FeedbackAgent
FNF:1
FNH:1
FNDA:2,FeedbackAgent
DA:1,1
DA:2,1
DA:3,1
DA:4,1
DA:5,1
DA:6,1
DA:7,1
DA:8,1
DA:9,1
DA:10,1
DA:11,2
DA:12,2
DA:13,2
DA:14,2
DA:15,1
DA:16,1
DA:17,1
DA:18,1
DA:19,1
DA:20,1
DA:21,1
DA:22,1
DA:23,1
DA:24,0
DA:25,0
DA:26,1
DA:27,2
DA:28,0
DA:29,0
DA:30,1
DA:31,2
DA:32,0
DA:33,0
DA:34,0
DA:35,2
DA:36,1
DA:37,1
LF:37
LH:30
BRDA:11,0,0,2
BRDA:14,1,0,1
BRDA:23,2,0,0
BRDA:27,3,0,0
BRDA:29,4,0,1
BRDA:31,5,0,0
BRDA:27,6,0,4
BRF:7
BRH:4
end_of_record
TN:
SF:server/pipeline-v2/agents/GameDesignAgent.js
FN:21,GameDesignAgent
FNF:1
FNH:1
FNDA:2,GameDesignAgent
DA:1,1
DA:2,1
DA:3,1
DA:4,1
DA:5,1
DA:6,1
DA:7,1
DA:8,1
DA:9,1
DA:10,1
DA:11,1
DA:12,1
DA:13,1
DA:14,1
DA:15,1
DA:16,1
DA:17,1
DA:18,1
DA:19,1
DA:20,1
DA:21,2
DA:22,2
DA:23,2
DA:24,2
DA:25,2
DA:26,2
DA:27,2
DA:28,2
DA:29,2
DA:30,0
DA:31,0
DA:32,0
DA:33,0
DA:34,0
DA:35,0
DA:36,0
DA:37,0
DA:38,0
DA:39,0
DA:40,0
DA:41,2
DA:42,2
DA:43,2
DA:44,2
DA:45,2
DA:46,2
DA:47,2
DA:48,2
DA:49,2
DA:50,2
DA:51,2
DA:52,2
DA:53,0
DA:54,0
DA:55,0
DA:56,2
DA:57,2
DA:58,2
DA:59,0
DA:60,0
DA:61,0
DA:62,2
DA:63,1
DA:64,1
LF:64
LH:47
BRDA:21,0,0,2
BRDA:29,1,0,0
BRDA:52,2,0,0
BRDA:58,3,0,0
BRF:4
BRH:1
end_of_record
TN:
SF:server/pipeline-v2/agents/PlannerAgent.js
FN:14,PlannerAgent
FNF:1
FNH:1
FNDA:2,PlannerAgent
DA:1,1
DA:2,1
DA:3,1
DA:4,1
DA:5,1
DA:6,1
DA:7,1
DA:8,1
DA:9,1
DA:10,1
DA:11,1
DA:12,1
DA:13,1
DA:14,2
DA:15,2
DA:16,2
DA:17,2
DA:18,2
DA:19,2
DA:20,2
DA:21,2
DA:22,2
DA:23,2
DA:24,0
DA:25,0
DA:26,0
DA:27,0
DA:28,0
DA:29,0
DA:30,0
DA:31,0
DA:32,0
DA:33,2
DA:34,2
DA:35,2
DA:36,2
DA:37,2
DA:38,2
DA:39,0
DA:40,0
DA:41,0
DA:42,2
DA:43,1
DA:44,1
LF:44
LH:32
BRDA:14,0,0,2
BRDA:23,1,0,0
BRDA:38,2,0,0
BRF:3
BRH:1
end_of_record
TN:
SF:server/pipeline-v2/agents/RuntimePlayabilityAgent.js
FN:17,RuntimePlayabilityAgent
FNF:1
FNH:1
FNDA:2,RuntimePlayabilityAgent
DA:1,1
DA:2,1
DA:3,1
DA:4,1
DA:5,1
DA:6,1
DA:7,1
DA:8,1
DA:9,1
DA:10,1
DA:11,1
DA:12,1
DA:13,1
DA:14,1
DA:15,1
DA:16,1
DA:17,2
DA:18,2
DA:19,2
DA:20,2
DA:21,2
DA:22,0
DA:23,0
DA:24,0
DA:25,0
DA:26,0
DA:27,0
DA:28,0
DA:29,2
DA:30,2
DA:31,2
DA:32,2
DA:33,2
DA:34,2
DA:35,2
DA:36,0
DA:37,0
DA:38,0
DA:39,2
DA:40,1
DA:41,1
LF:41
LH:31
BRDA:17,0,0,2
BRDA:21,1,0,0
BRDA:35,2,0,0
BRF:3
BRH:1
end_of_record
TN:
SF:server/pipeline-v2/agents/StaticCheckerAgent.js
FN:17,StaticCheckerAgent
FN:33,declare
FN:41,isDeclared
FN:50,walk
FNF:4
FNH:2
FNDA:14,StaticCheckerAgent
FNDA:0,declare
FNDA:0,isDeclared
FNDA:634,walk
DA:1,1
DA:2,1
DA:3,1
DA:4,1
DA:5,1
DA:6,1
DA:7,1
DA:8,1
DA:9,1
DA:10,1
DA:11,1
DA:12,1
DA:13,1
DA:14,1
DA:15,1
DA:16,1
DA:17,14
DA:18,14
DA:19,14
DA:20,14
DA:21,14
DA:22,14
DA:23,14
DA:24,14
DA:25,1
DA:26,1
DA:27,1
DA:28,13
DA:29,13
DA:30,13
DA:31,13
DA:32,13
DA:33,13
DA:34,0
DA:35,0
DA:36,0
DA:37,0
DA:38,0
DA:39,0
DA:40,0
DA:41,13
DA:42,0
DA:43,0
DA:44,0
DA:45,0
DA:46,0
DA:47,14
DA:48,14
DA:49,14
DA:50,14
DA:51,634
DA:52,634
DA:53,634
DA:54,0
DA:55,0
DA:56,0
DA:57,0
DA:58,634
DA:59,0
DA:60,0
DA:61,0
DA:62,0
DA:63,0
DA:64,0
DA:65,0
DA:66,0
DA:67,634
DA:68,0
DA:69,0
DA:70,0
DA:71,0
DA:72,634
DA:73,0
DA:74,0
DA:75,634
DA:76,69
DA:77,69
DA:78,634
DA:79,0
DA:80,0
DA:81,0
DA:82,634
DA:83,634
DA:84,0
DA:85,0
DA:86,0
DA:87,634
DA:88,0
DA:89,0
DA:90,0
DA:91,634
DA:92,0
DA:93,0
DA:94,634
DA:95,0
DA:96,0
DA:97,0
DA:98,0
DA:99,634
DA:100,0
DA:101,0
DA:102,0
DA:103,0
DA:104,0
DA:105,634
DA:106,0
DA:107,0
DA:108,0
DA:109,634
DA:110,0
DA:111,0
DA:112,0
DA:113,634
DA:114,565
DA:115,565
DA:116,3981
DA:117,440
DA:118,3981
DA:119,276
DA:120,276
DA:121,3981
DA:122,565
DA:123,565
DA:124,14
DA:125,14
DA:126,0
DA:127,0
DA:128,14
DA:129,0
DA:130,0
DA:131,13
DA:132,13
DA:133,1
DA:134,1
LF:134
LH:74
BRDA:17,0,0,14
BRDA:24,1,0,1
BRDA:27,2,0,13
BRDA:47,3,0,0
BRDA:48,4,0,0
BRDA:125,5,0,0
BRDA:127,6,0,13
BRDA:128,7,0,0
BRDA:130,8,0,13
BRDA:50,9,0,634
BRDA:51,10,0,0
BRDA:53,11,0,0
BRDA:58,12,0,0
BRDA:67,13,0,0
BRDA:72,14,0,0
BRDA:75,15,0,69
BRDA:78,16,0,0
BRDA:82,17,0,0
BRDA:83,18,0,0
BRDA:87,19,0,0
BRDA:91,20,0,0
BRDA:94,21,0,0
BRDA:99,22,0,0
BRDA:105,23,0,0
BRDA:109,24,0,0
BRDA:113,25,0,565
BRDA:115,26,0,3981
BRDA:116,27,0,440
BRDA:117,28,0,276
BRDA:118,29,0,3541
BRDA:118,30,0,3482
BRDA:118,31,0,1048
BRDA:118,32,0,276
BRF:33
BRH:15
end_of_record
TN:
SF:server/pipeline-v2/agents/StepBuilderAgent.js
FN:19,StepBuilderAgent
FNF:1
FNH:1
FNDA:14,StepBuilderAgent
DA:1,1
DA:2,1
DA:3,1
DA:4,1
DA:5,1
DA:6,1
DA:7,1
DA:8,1
DA:9,1
DA:10,1
DA:11,1
DA:12,1
DA:13,1
DA:14,1
DA:15,1
DA:16,1
DA:17,1
DA:18,1
DA:19,14
DA:20,14
DA:21,14
DA:22,0
DA:23,0
DA:24,0
DA:25,14
DA:26,14
DA:27,14
DA:28,14
DA:29,14
DA:30,14
DA:31,14
DA:32,14
DA:33,14
DA:34,14
DA:35,14
DA:36,0
DA:37,0
DA:38,0
DA:39,14
DA:40,1
DA:41,1
LF:41
LH:35
BRDA:19,0,0,14
BRDA:21,1,0,0
BRDA:35,2,0,0
BRF:3
BRH:1
end_of_record
TN:
SF:server/pipeline-v2/agents/StepFixerAgent.js
FN:18,StepFixerAgent
FNF:1
FNH:1
FNDA:1,StepFixerAgent
DA:1,1
DA:2,1
DA:3,1
DA:4,1
DA:5,1
DA:6,1
DA:7,1
DA:8,1
DA:9,1
DA:10,1
DA:11,1
DA:12,1
DA:13,1
DA:14,1
DA:15,1
DA:16,1
DA:17,1
DA:18,1
DA:19,1
DA:20,1
DA:21,0
DA:22,0
DA:23,0
DA:24,1
DA:25,1
DA:26,1
DA:27,1
DA:28,1
DA:29,1
DA:30,1
DA:31,1
DA:32,1
DA:33,1
DA:34,1
DA:35,0
DA:36,0
DA:37,0
DA:38,1
DA:39,1
DA:40,1
LF:40
LH:34
BRDA:18,0,0,1
BRDA:20,1,0,0
BRDA:34,2,0,0
BRF:3
BRH:1
end_of_record
TN:
SF:server/pipeline-v2/agents/SyntaxSanityAgent.js
FN:11,SyntaxSanityAgent
FNF:1
FNH:1
FNDA:2,SyntaxSanityAgent
DA:1,1
DA:2,1
DA:3,1
DA:4,1
DA:5,1
DA:6,1
DA:7,1
DA:8,1
DA:9,1
DA:10,1
DA:11,2
DA:12,2
DA:13,2
DA:14,2
DA:15,2
DA:16,2
DA:17,2
DA:18,1
DA:19,1
DA:20,1
DA:21,2
DA:22,1
DA:23,1
LF:23
LH:23
BRDA:11,0,0,2
BRDA:17,1,0,1
BRF:2
BRH:2
end_of_record
TN:
SF:server/pipeline-v2/mocks/MockOpenAI.js
FN:4,<instance_members_initializer>
FN:49,chatCompletion
FNF:2
FNH:0
FNDA:0,<instance_members_initializer>
FNDA:0,chatCompletion
DA:1,1
DA:2,1
DA:3,1
DA:4,0
DA:5,0
DA:6,0
DA:7,0
DA:8,0
DA:9,0
DA:10,0
DA:11,0
DA:12,0
DA:13,0
DA:14,0
DA:15,0
DA:16,0
DA:17,0
DA:18,0
DA:19,0
DA:20,0
DA:21,0
DA:22,0
DA:23,0
DA:24,0
DA:25,0
DA:26,0
DA:27,0
DA:28,0
DA:29,0
DA:30,0
DA:31,0
DA:32,0
DA:33,0
DA:34,0
DA:35,0
DA:36,0
DA:37,0
DA:38,0
DA:39,0
DA:40,0
DA:41,0
DA:42,0
DA:43,0
DA:44,0
DA:45,0
DA:46,0
DA:47,1
DA:48,1
DA:49,1
DA:50,0
DA:51,0
DA:52,0
DA:53,0
DA:54,0
DA:55,0
DA:56,0
DA:57,0
DA:58,0
DA:59,0
DA:60,0
DA:61,0
DA:62,0
DA:63,0
DA:64,0
DA:65,0
DA:66,0
DA:67,0
DA:68,0
DA:69,0
DA:70,0
DA:71,0
DA:72,0
DA:73,0
DA:74,0
DA:75,0
DA:76,0
DA:77,0
DA:78,0
DA:79,0
DA:80,0
DA:81,0
DA:82,1
DA:83,1
DA:84,1
LF:84
LH:9
BRDA:4,0,0,0
BRF:1
BRH:0
end_of_record
TN:
SF:server/pipeline-v2/utils/SmartOpenAI.js
FN:6,SmartOpenAI
FN:20,chatCompletion
FNF:2
FNH:2
FNDA:3,SmartOpenAI
FNDA:20,chatCompletion
DA:1,1
DA:2,1
DA:3,1
DA:4,1
DA:5,1
DA:6,1
DA:7,3
DA:8,3
DA:9,1
DA:10,1
DA:11,1
DA:12,1
DA:13,1
DA:14,1
DA:15,1
DA:16,1
DA:17,1
DA:18,1
DA:19,1
DA:20,1
DA:21,20
DA:22,20
DA:23,20
DA:24,20
DA:25,20
DA:26,20
DA:27,20
DA:28,20
DA:29,20
DA:30,20
DA:31,20
DA:32,20
DA:33,15
DA:34,15
DA:35,20
DA:36,5
DA:37,5
DA:38,5
DA:39,5
DA:40,5
DA:41,3
DA:42,3
DA:43,5
DA:44,5
DA:45,5
DA:46,5
DA:47,5
DA:48,2
DA:49,2
DA:50,5
DA:51,3
DA:52,3
DA:53,0
DA:54,0
DA:55,0
DA:56,0
DA:57,0
DA:58,5
DA:59,0
DA:60,0
DA:61,1
DA:62,1
DA:63,1
LF:63
LH:56
BRDA:6,0,0,3
BRDA:20,1,0,20
BRDA:32,2,0,15
BRDA:34,3,0,5
BRDA:35,4,0,3
BRDA:35,5,0,5
BRDA:40,6,0,3
BRDA:47,7,0,2
BRDA:47,8,0,2
BRDA:49,9,0,3
BRDA:50,10,0,3
BRDA:52,11,0,0
BRDA:58,12,0,0
BRF:13
BRH:11
end_of_record
TN:
SF:server/pipeline-v2/utils/logger.js
FNF:0
FNH:0
DA:1,1
DA:2,1
DA:3,1
DA:4,1
DA:5,1
DA:6,1
DA:7,1
DA:8,1
DA:9,1
DA:10,1
DA:11,1
DA:12,1
DA:13,1
DA:14,1
DA:15,1
DA:16,1
DA:17,1
DA:18,1
DA:19,1
DA:20,1
DA:21,1
DA:22,1
DA:23,1
LF:23
LH:23
BRF:0
BRH:0
end_of_record
TN:
SF:server/utils/logGame.js
FN:5,logGame
FNF:1
FNH:0
FNDA:0,logGame
DA:1,1
DA:2,1
DA:3,1
DA:4,1
DA:5,0
DA:6,0
DA:7,0
DA:8,0
DA:9,0
DA:10,0
DA:11,0
DA:12,0
DA:13,0
DA:14,1
DA:15,1
LF:15
LH:6
BRF:0
BRH:0
end_of_record
